Arguments: 
  C:\Program Files\nodejs\node.exe C:\Users\junni\AppData\Roaming\npm\node_modules\yarn\bin\yarn.js add -D @types/gulp-cssnano

PATH: 
  C:\Windows\system32;C:\Windows;C:\Windows\System32\Wbem;C:\Windows\System32\WindowsPowerShell\v1.0\;C:\Windows\System32\OpenSSH\;C:\Program Files\nodejs\;D:\Git\cmd;C:\Users\junni\AppData\Local\Microsoft\WindowsApps;C:\Users\junni\AppData\Roaming\npm;D:\Microsoft VS Code\bin

Yarn version: 
  1.22.10

Node version: 
  15.1.0

Platform: 
  win32 x64

Trace: 
  Error: https://registry.yarnpkg.com/@types%2fgulp-cssnano: Not found
      at Request.params.callback [as _callback] (C:\Users\junni\AppData\Roaming\npm\node_modules\yarn\lib\cli.js:66988:18)
      at Request.self.callback (C:\Users\junni\AppData\Roaming\npm\node_modules\yarn\lib\cli.js:140662:22)
      at Request.emit (node:events:327:20)
      at Request.<anonymous> (C:\Users\junni\AppData\Roaming\npm\node_modules\yarn\lib\cli.js:141634:10)
      at Request.emit (node:events:327:20)
      at IncomingMessage.<anonymous> (C:\Users\junni\AppData\Roaming\npm\node_modules\yarn\lib\cli.js:141556:12)
      at Object.onceWrapper (node:events:433:28)
      at IncomingMessage.emit (node:events:339:22)
      at endReadableNT (node:internal/streams/readable:1289:12)
      at processTicksAndRejections (node:internal/process/task_queues:80:21)

npm manifest: 
  {
    "name": "weather",
    "version": "1.0.0",
    "description": "Pagina para consulta climatica;",
    "main": "index.js",
    "author": "cesar-abj",
    "license": "MIT",
    "devDependencies": {
      "@sucrase/gulp-plugin": "^2.0.0",
      "@types/browser-sync": "^2.26.1",
      "@types/gulp": "^4.0.7",
      "@types/gulp-autoprefixer": "^0.0.32",
      "@types/gulp-htmlmin": "^1.3.32",
      "@types/gulp-postcss": "^8.0.0",
      "@types/gulp-terser": "^1.2.1",
      "@types/node": "^14.14.14",
      "browser-sync": "^2.26.13",
      "gulp": "^4.0.2",
      "gulp-autoprefixer": "^7.0.1",
      "gulp-cssnano": "^2.1.3",
      "gulp-htmlmin": "^5.0.1",
      "gulp-postcss": "^9.0.0",
      "gulp-terser": "^2.0.0",
      "postcss": "^8.2.1",
      "sucrase": "^3.16.0",
      "typescript": "^4.1.3"
    }
  }

yarn manifest: 
  No manifest

Lockfile: 
  # THIS IS AN AUTOGENERATED FILE. DO NOT EDIT THIS FILE DIRECTLY.
  # yarn lockfile v1
  
  
  "@sucrase/gulp-plugin@^2.0.0":
    "version" "2.0.0"
    dependencies:
      "plugin-error" "^0.1.2"
      "replace-ext" "^1.0.0"
      "through2" "^2.0.3"
  
  "@types/browser-sync@^2.26.1":
    "integrity" "sha512-zuz0uF2QccSVbG4ubkjVDlQYpeBX/JXvmlqFFmp04FYOXunXZtx0y+UdWJxu7uryMMGkQykujUMm/ju85kqI7Q=="
    "resolved" "https://registry.npmjs.org/@types/browser-sync/-/browser-sync-2.26.1.tgz"
    "version" "2.26.1"
    dependencies:
      "@types/micromatch" "^2"
      "@types/node" "*"
      "@types/serve-static" "*"
      "chokidar" "^2.1.2"
  
  "@types/clean-css@*":
    "integrity" "sha512-ET0ldU/vpXecy5vO8JRIhtJWSrk1vzXdJcp3Bjf8bARZynl6vfkhEKY/A7njfNIRlmyTGuVFuqnD6I3tOGdXpQ=="
    "resolved" "https://registry.npmjs.org/@types/clean-css/-/clean-css-4.2.3.tgz"
    "version" "4.2.3"
    dependencies:
      "@types/node" "*"
      "source-map" "^0.6.0"
  
  "@types/expect@^1.20.4":
    "integrity" "sha512-Q5Vn3yjTDyCMV50TB6VRIbQNxSE4OmZR86VSbGaNpfUolm0iePBB4KdEEHmxoY5sT2+2DIvXW0rvMDP2nHZ4Mg=="
    "resolved" "https://registry.npmjs.org/@types/expect/-/expect-1.20.4.tgz"
    "version" "1.20.4"
  
  "@types/glob-stream@*":
    "integrity" "sha512-RHv6ZQjcTncXo3thYZrsbAVwoy4vSKosSWhuhuQxLOTv74OJuFQxXkmUuZCr3q9uNBEVCvIzmZL/FeRNbHZGUg=="
    "resolved" "https://registry.npmjs.org/@types/glob-stream/-/glob-stream-6.1.0.tgz"
    "version" "6.1.0"
    dependencies:
      "@types/glob" "*"
      "@types/node" "*"
  
  "@types/glob@*":
    "integrity" "sha512-SEYeGAIQIQX8NN6LDKprLjbrd5dARM5EXsd8GI/A5l0apYI1fGMWgPHSe4ZKL4eozlAyI+doUE9XbYS4xCkQ1w=="
    "resolved" "https://registry.npmjs.org/@types/glob/-/glob-7.1.3.tgz"
    "version" "7.1.3"
    dependencies:
      "@types/minimatch" "*"
      "@types/node" "*"
  
  "@types/gulp-autoprefixer@^0.0.32":
    "integrity" "sha512-22QYL9v16YEcurJqf71iIBG4l5oRHorpj13T85ADLD/YSO6E+Fym56MLOdfaxCK8+SuriBgfz2FRr5Htm1H7uQ=="
    "resolved" "https://registry.npmjs.org/@types/gulp-autoprefixer/-/gulp-autoprefixer-0.0.32.tgz"
    "version" "0.0.32"
    dependencies:
      "@types/node" "*"
  
  "@types/gulp-htmlmin@^1.3.32":
    "integrity" "sha512-G/xcBVxm0haTePU+Z8nGs+pL7tl489v2gKzm4ARrv7o9taoaXRgRbp58yDz/XkuqFUHeU5Z0/YiR9RsN+M6LSQ=="
    "resolved" "https://registry.npmjs.org/@types/gulp-htmlmin/-/gulp-htmlmin-1.3.32.tgz"
    "version" "1.3.32"
    dependencies:
      "@types/html-minifier" "*"
      "@types/node" "*"
  
  "@types/gulp-postcss@^8.0.0":
    "integrity" "sha512-AVgjA03bpkYONKZpzuJviB9PzaNbDzrovYPbenj8/XxivUc35C/dIzJanyaQv7CFqfLLPLsqSalmtP3GLq6iag=="
    "resolved" "https://registry.npmjs.org/@types/gulp-postcss/-/gulp-postcss-8.0.0.tgz"
    "version" "8.0.0"
    dependencies:
      "@types/node" "*"
      "@types/vinyl" "*"
  
  "@types/gulp-terser@^1.2.1":
    "integrity" "sha512-6sLk/x9MOiKr2pH+FShPIiACKf39u90cF97R+wZyVCGXWIuBQnJEQ54O5VslLMfn//15rPRljsh30c+re6MRLw=="
    "resolved" "https://registry.npmjs.org/@types/gulp-terser/-/gulp-terser-1.2.1.tgz"
    "version" "1.2.1"
    dependencies:
      "@types/node" "*"
      "terser" "^4.0.0"
  
  "@types/gulp@^4.0.7":
    "integrity" "sha512-AjvRWEMr6pl9yQ5Yyg+2tiv/n6Ifowpi+NjhRqGwpHWSHH21uXPMHEqKVUT3HGVguACOuzgtk9jtWjChSREPFQ=="
    "resolved" "https://registry.npmjs.org/@types/gulp/-/gulp-4.0.7.tgz"
    "version" "4.0.7"
    dependencies:
      "@types/undertaker" "*"
      "@types/vinyl-fs" "*"
      "chokidar" "^3.3.1"
  
  "@types/html-minifier@*":
    "integrity" "sha512-eFnGhrKmjWBlnSGNtunetE3UU2Tc/LUl92htFslSSTmpp9EKHQVcYQadCyYfnzUEFB5G/3wLWo/USQS/mEPKrA=="
    "resolved" "https://registry.npmjs.org/@types/html-minifier/-/html-minifier-4.0.0.tgz"
    "version" "4.0.0"
    dependencies:
      "@types/clean-css" "*"
      "@types/relateurl" "*"
      "@types/uglify-js" "*"
  
  "@types/micromatch@^2":
    "integrity" "sha512-6rW4NsUHaDudxJSuRlm1PdNu61CDXkgix7LBOBg7b3yWQ43XANYSPwkvX1cGiZvBVZW8c5rsCEfrfzbPkch8ag=="
    "resolved" "https://registry.npmjs.org/@types/micromatch/-/micromatch-2.3.30.tgz"
    "version" "2.3.30"
    dependencies:
      "@types/parse-glob" "*"
  
  "@types/mime@*":
    "integrity" "sha512-Jus9s4CDbqwocc5pOAnh8ShfrnMcPHuJYzVcSUU7lrh8Ni5HuIqX3oilL86p3dlTrk0LzHRCgA/GQ7uNCw6l2Q=="
    "resolved" "https://registry.npmjs.org/@types/mime/-/mime-2.0.3.tgz"
    "version" "2.0.3"
  
  "@types/minimatch@*":
    "integrity" "sha512-tHq6qdbT9U1IRSGf14CL0pUlULksvY9OZ+5eEgl1N7t+OA3tGvNpxJCzuKQlsNgCVwbAs670L1vcVQi8j9HjnA=="
    "resolved" "https://registry.npmjs.org/@types/minimatch/-/minimatch-3.0.3.tgz"
    "version" "3.0.3"
  
  "@types/node@*", "@types/node@^14.14.14":
    "version" "14.14.14"
  
  "@types/parse-glob@*":
    "integrity" "sha1-akDsfr0kGO5p7jl+SOQhaSaKEL8="
    "resolved" "https://registry.npmjs.org/@types/parse-glob/-/parse-glob-3.0.29.tgz"
    "version" "3.0.29"
  
  "@types/relateurl@*":
    "integrity" "sha1-a9p9uGU/piZD9e5p6facEaOS46Y="
    "resolved" "https://registry.npmjs.org/@types/relateurl/-/relateurl-0.2.28.tgz"
    "version" "0.2.28"
  
  "@types/serve-static@*":
    "integrity" "sha512-MoJhSQreaVoL+/hurAZzIm8wafFR6ajiTM1m4A0kv6AGeVBl4r4pOV8bGFrjjq1sGxDTnCoF8i22o0/aE5XCyA=="
    "resolved" "https://registry.npmjs.org/@types/serve-static/-/serve-static-1.13.8.tgz"
    "version" "1.13.8"
    dependencies:
      "@types/mime" "*"
      "@types/node" "*"
  
  "@types/uglify-js@*":
    "integrity" "sha512-7npvPKV+jINLu1SpSYVWG8KvyJBhBa8tmzMMdDoVc2pWUYHN8KIXlPJhjJ4LT97c4dXJA2SHL/q6ADbDriZN+Q=="
    "resolved" "https://registry.npmjs.org/@types/uglify-js/-/uglify-js-3.11.1.tgz"
    "version" "3.11.1"
    dependencies:
      "source-map" "^0.6.1"
  
  "@types/undertaker-registry@*":
    "integrity" "sha512-Z4TYuEKn9+RbNVk1Ll2SS4x1JeLHecolIbM/a8gveaHsW0Hr+RQMraZACwTO2VD7JvepgA6UO1A1VrbktQrIbQ=="
    "resolved" "https://registry.npmjs.org/@types/undertaker-registry/-/undertaker-registry-1.0.1.tgz"
    "version" "1.0.1"
  
  "@types/undertaker@*":
    "integrity" "sha512-j0hCpPn9kdxdJX8eMTtFnlMrME0SK9T0PioDovo+6YaFWtkAZhvZlzMEKvOju2QRYM3bBCJQUzPbJ4bx/fxj2w=="
    "resolved" "https://registry.npmjs.org/@types/undertaker/-/undertaker-1.2.5.tgz"
    "version" "1.2.5"
    dependencies:
      "@types/node" "*"
      "@types/undertaker-registry" "*"
      "async-done" "~1.3.2"
  
  "@types/vinyl-fs@*":
    "integrity" "sha512-2OzQSfIr9CqqWMGqmcERE6Hnd2KY3eBVtFaulVo3sJghplUcaeMdL9ZjEiljcQQeHjheWY9RlNmumjIAvsBNaA=="
    "resolved" "https://registry.npmjs.org/@types/vinyl-fs/-/vinyl-fs-2.4.11.tgz"
    "version" "2.4.11"
    dependencies:
      "@types/glob-stream" "*"
      "@types/node" "*"
      "@types/vinyl" "*"
  
  "@types/vinyl@*":
    "integrity" "sha512-2o6a2ixaVI2EbwBPg1QYLGQoHK56p/8X/sGfKbFC8N6sY9lfjsMf/GprtkQkSya0D4uRiutRZ2BWj7k3JvLsAQ=="
    "resolved" "https://registry.npmjs.org/@types/vinyl/-/vinyl-2.0.4.tgz"
    "version" "2.0.4"
    dependencies:
      "@types/expect" "^1.20.4"
      "@types/node" "*"
  
  "accepts@~1.3.4":
    "version" "1.3.7"
    dependencies:
      "mime-types" "~2.1.24"
      "negotiator" "0.6.2"
  
  "after@0.8.2":
    "version" "0.8.2"
  
  "alphanum-sort@^1.0.1", "alphanum-sort@^1.0.2":
    "version" "1.0.2"
  
  "ansi-colors@^1.0.1":
    "version" "1.1.0"
    dependencies:
      "ansi-wrap" "^0.1.0"
  
  "ansi-cyan@^0.1.1":
    "version" "0.1.1"
    dependencies:
      "ansi-wrap" "0.1.0"
  
  "ansi-gray@^0.1.1":
    "version" "0.1.1"
    dependencies:
      "ansi-wrap" "0.1.0"
  
  "ansi-red@^0.1.1":
    "version" "0.1.1"
    dependencies:
      "ansi-wrap" "0.1.0"
  
  "ansi-regex@^2.0.0":
    "version" "2.1.1"
  
  "ansi-regex@^4.1.0":
    "version" "4.1.0"
  
  "ansi-regex@^5.0.0":
    "version" "5.0.0"
  
  "ansi-styles@^2.2.1":
    "version" "2.2.1"
  
  "ansi-styles@^3.2.0", "ansi-styles@^3.2.1":
    "version" "3.2.1"
    dependencies:
      "color-convert" "^1.9.0"
  
  "ansi-styles@^4.0.0":
    "version" "4.3.0"
    dependencies:
      "color-convert" "^2.0.1"
  
  "ansi-wrap@^0.1.0", "ansi-wrap@0.1.0":
    "version" "0.1.0"
  
  "any-promise@^1.0.0":
    "version" "1.3.0"
  
  "anymatch@^2.0.0":
    "version" "2.0.0"
    dependencies:
      "micromatch" "^3.1.4"
      "normalize-path" "^2.1.1"
  
  "anymatch@~3.1.1":
    "version" "3.1.1"
    dependencies:
      "normalize-path" "^3.0.0"
      "picomatch" "^2.0.4"
  
  "append-buffer@^1.0.2":
    "version" "1.0.2"
    dependencies:
      "buffer-equal" "^1.0.0"
  
  "archy@^1.0.0":
    "version" "1.0.0"
  
  "argparse@^1.0.7":
    "version" "1.0.10"
    dependencies:
      "sprintf-js" "~1.0.2"
  
  "arr-diff@^1.0.1":
    "version" "1.1.0"
    dependencies:
      "arr-flatten" "^1.0.1"
      "array-slice" "^0.2.3"
  
  "arr-diff@^4.0.0":
    "version" "4.0.0"
  
  "arr-filter@^1.1.1":
    "version" "1.1.2"
    dependencies:
      "make-iterator" "^1.0.0"
  
  "arr-flatten@^1.0.1", "arr-flatten@^1.1.0":
    "version" "1.1.0"
  
  "arr-map@^2.0.0", "arr-map@^2.0.2":
    "version" "2.0.2"
    dependencies:
      "make-iterator" "^1.0.0"
  
  "arr-union@^2.0.1":
    "version" "2.1.0"
  
  "arr-union@^3.1.0":
    "version" "3.1.0"
  
  "array-each@^1.0.0", "array-each@^1.0.1":
    "version" "1.0.1"
  
  "array-initial@^1.0.0":
    "version" "1.1.0"
    dependencies:
      "array-slice" "^1.0.0"
      "is-number" "^4.0.0"
  
  "array-last@^1.1.1":
    "version" "1.3.0"
    dependencies:
      "is-number" "^4.0.0"
  
  "array-slice@^0.2.3":
    "version" "0.2.3"
  
  "array-slice@^1.0.0":
    "version" "1.1.0"
  
  "array-sort@^1.0.0":
    "version" "1.0.0"
    dependencies:
      "default-compare" "^1.0.0"
      "get-value" "^2.0.6"
      "kind-of" "^5.0.2"
  
  "array-unique@^0.3.2":
    "version" "0.3.2"
  
  "arraybuffer.slice@~0.0.7":
    "version" "0.0.7"
  
  "assign-symbols@^1.0.0":
    "version" "1.0.0"
  
  "async-done@^1.2.0", "async-done@^1.2.2", "async-done@~1.3.2":
    "version" "1.3.2"
    dependencies:
      "end-of-stream" "^1.1.0"
      "once" "^1.3.2"
      "process-nextick-args" "^2.0.0"
      "stream-exhaust" "^1.0.1"
  
  "async-each-series@0.1.1":
    "version" "0.1.1"
  
  "async-each@^1.0.1":
    "version" "1.0.3"
  
  "async-limiter@~1.0.0":
    "version" "1.0.1"
  
  "async-settle@^1.0.0":
    "version" "1.0.0"
    dependencies:
      "async-done" "^1.2.2"
  
  "async@1.5.2":
    "version" "1.5.2"
  
  "atob@^2.1.2":
    "version" "2.1.2"
  
  "autoprefixer@^6.3.1":
    "version" "6.7.7"
    dependencies:
      "browserslist" "^1.7.6"
      "caniuse-db" "^1.0.30000634"
      "normalize-range" "^0.1.2"
      "num2fraction" "^1.2.2"
      "postcss" "^5.2.16"
      "postcss-value-parser" "^3.2.3"
  
  "autoprefixer@^9.6.1":
    "version" "9.8.6"
    dependencies:
      "browserslist" "^4.12.0"
      "caniuse-lite" "^1.0.30001109"
      "colorette" "^1.2.1"
      "normalize-range" "^0.1.2"
      "num2fraction" "^1.2.2"
      "postcss" "^7.0.32"
      "postcss-value-parser" "^4.1.0"
  
  "axios@0.19.0":
    "version" "0.19.0"
    dependencies:
      "follow-redirects" "1.5.10"
      "is-buffer" "^2.0.2"
  
  "bach@^1.0.0":
    "version" "1.2.0"
    dependencies:
      "arr-filter" "^1.1.1"
      "arr-flatten" "^1.0.1"
      "arr-map" "^2.0.0"
      "array-each" "^1.0.0"
      "array-initial" "^1.0.0"
      "array-last" "^1.1.1"
      "async-done" "^1.2.2"
      "async-settle" "^1.0.0"
      "now-and-later" "^2.0.0"
  
  "backo2@1.0.2":
    "version" "1.0.2"
  
  "balanced-match@^0.4.2":
    "version" "0.4.2"
  
  "balanced-match@^1.0.0":
    "version" "1.0.0"
  
  "base@^0.11.1":
    "version" "0.11.2"
    dependencies:
      "cache-base" "^1.0.1"
      "class-utils" "^0.3.5"
      "component-emitter" "^1.2.1"
      "define-property" "^1.0.0"
      "isobject" "^3.0.1"
      "mixin-deep" "^1.2.0"
      "pascalcase" "^0.1.1"
  
  "base64-arraybuffer@0.1.4":
    "version" "0.1.4"
  
  "base64-arraybuffer@0.1.5":
    "version" "0.1.5"
  
  "base64id@1.0.0":
    "version" "1.0.0"
  
  "batch@0.6.1":
    "version" "0.6.1"
  
  "better-assert@~1.0.0":
    "version" "1.0.2"
    dependencies:
      "callsite" "1.0.0"
  
  "binary-extensions@^1.0.0":
    "integrity" "sha512-Un7MIEDdUC5gNpcGDV97op1Ywk748MpHcFTHoYs6qnj1Z3j7I53VG3nwZhKzoBZmbdRNnb6WRdFlwl7tSDuZGw=="
    "resolved" "https://registry.npmjs.org/binary-extensions/-/binary-extensions-1.13.1.tgz"
    "version" "1.13.1"
  
  "binary-extensions@^2.0.0":
    "version" "2.1.0"
  
  "bindings@^1.5.0":
    "integrity" "sha512-p2q/t/mhvuOj/UeLlV6566GD/guowlr0hHxClI0W9m7MWYkL1F0hLo+0Aexs9HSPCtR1SXQ0TD3MMKrXZajbiQ=="
    "resolved" "https://registry.npmjs.org/bindings/-/bindings-1.5.0.tgz"
    "version" "1.5.0"
    dependencies:
      "file-uri-to-path" "1.0.0"
  
  "blob@0.0.5":
    "version" "0.0.5"
  
  "brace-expansion@^1.1.7":
    "version" "1.1.11"
    dependencies:
      "balanced-match" "^1.0.0"
      "concat-map" "0.0.1"
  
  "braces@^2.3.1", "braces@^2.3.2":
    "version" "2.3.2"
    dependencies:
      "arr-flatten" "^1.1.0"
      "array-unique" "^0.3.2"
      "extend-shallow" "^2.0.1"
      "fill-range" "^4.0.0"
      "isobject" "^3.0.1"
      "repeat-element" "^1.1.2"
      "snapdragon" "^0.8.1"
      "snapdragon-node" "^2.0.1"
      "split-string" "^3.0.2"
      "to-regex" "^3.0.1"
  
  "braces@^3.0.1":
    "version" "3.0.2"
    dependencies:
      "fill-range" "^7.0.1"
  
  "braces@~3.0.2":
    "version" "3.0.2"
    dependencies:
      "fill-range" "^7.0.1"
  
  "browser-sync-client@^2.26.13":
    "version" "2.26.13"
    dependencies:
      "etag" "1.8.1"
      "fresh" "0.5.2"
      "mitt" "^1.1.3"
      "rxjs" "^5.5.6"
  
  "browser-sync-ui@^2.26.13":
    "version" "2.26.13"
    dependencies:
      "async-each-series" "0.1.1"
      "connect-history-api-fallback" "^1"
      "immutable" "^3"
      "server-destroy" "1.0.1"
      "socket.io-client" "^2.0.4"
      "stream-throttle" "^0.1.3"
  
  "browser-sync@^2.26.13":
    "version" "2.26.13"
    dependencies:
      "browser-sync-client" "^2.26.13"
      "browser-sync-ui" "^2.26.13"
      "bs-recipes" "1.3.4"
      "bs-snippet-injector" "^2.0.1"
      "chokidar" "^3.4.1"
      "connect" "3.6.6"
      "connect-history-api-fallback" "^1"
      "dev-ip" "^1.0.1"
      "easy-extender" "^2.3.4"
      "eazy-logger" "3.1.0"
      "etag" "^1.8.1"
      "fresh" "^0.5.2"
      "fs-extra" "3.0.1"
      "http-proxy" "^1.18.1"
      "immutable" "^3"
      "localtunnel" "^2.0.0"
      "micromatch" "^4.0.2"
      "opn" "5.3.0"
      "portscanner" "2.1.1"
      "qs" "6.2.3"
      "raw-body" "^2.3.2"
      "resp-modifier" "6.0.2"
      "rx" "4.1.0"
      "send" "0.16.2"
      "serve-index" "1.9.1"
      "serve-static" "1.13.2"
      "server-destroy" "1.0.1"
      "socket.io" "2.1.1"
      "ua-parser-js" "^0.7.18"
      "yargs" "^15.4.1"
  
  "browserslist@^1.3.6", "browserslist@^1.5.2", "browserslist@^1.7.6":
    "version" "1.7.7"
    dependencies:
      "caniuse-db" "^1.0.30000639"
      "electron-to-chromium" "^1.2.7"
  
  "browserslist@^4.12.0":
    "version" "4.16.0"
    dependencies:
      "caniuse-lite" "^1.0.30001165"
      "colorette" "^1.2.1"
      "electron-to-chromium" "^1.3.621"
      "escalade" "^3.1.1"
      "node-releases" "^1.1.67"
  
  "bs-recipes@1.3.4":
    "version" "1.3.4"
  
  "bs-snippet-injector@^2.0.1":
    "version" "2.0.1"
  
  "buffer-equal@^1.0.0":
    "version" "1.0.0"
  
  "buffer-from@^1.0.0":
    "version" "1.1.1"
  
  "bytes@3.1.0":
    "version" "3.1.0"
  
  "cache-base@^1.0.1":
    "version" "1.0.1"
    dependencies:
      "collection-visit" "^1.0.0"
      "component-emitter" "^1.2.1"
      "get-value" "^2.0.6"
      "has-value" "^1.0.0"
      "isobject" "^3.0.1"
      "set-value" "^2.0.0"
      "to-object-path" "^0.3.0"
      "union-value" "^1.0.0"
      "unset-value" "^1.0.0"
  
  "call-bind@^1.0.0":
    "version" "1.0.0"
    dependencies:
      "function-bind" "^1.1.1"
      "get-intrinsic" "^1.0.0"
  
  "caller-callsite@^2.0.0":
    "version" "2.0.0"
    dependencies:
      "callsites" "^2.0.0"
  
  "caller-path@^2.0.0":
    "version" "2.0.0"
    dependencies:
      "caller-callsite" "^2.0.0"
  
  "callsite@1.0.0":
    "version" "1.0.0"
  
  "callsites@^2.0.0":
    "version" "2.0.0"
  
  "camel-case@3.0.x":
    "version" "3.0.0"
    dependencies:
      "no-case" "^2.2.0"
      "upper-case" "^1.1.1"
  
  "camelcase@^3.0.0":
    "version" "3.0.0"
  
  "camelcase@^5.0.0":
    "version" "5.3.1"
  
  "caniuse-api@^1.5.2":
    "version" "1.6.1"
    dependencies:
      "browserslist" "^1.3.6"
      "caniuse-db" "^1.0.30000529"
      "lodash.memoize" "^4.1.2"
      "lodash.uniq" "^4.5.0"
  
  "caniuse-db@^1.0.30000529", "caniuse-db@^1.0.30000634", "caniuse-db@^1.0.30000639":
    "version" "1.0.30001168"
  
  "caniuse-lite@^1.0.30001109", "caniuse-lite@^1.0.30001165":
    "version" "1.0.30001168"
  
  "chalk@^1.1.3":
    "version" "1.1.3"
    dependencies:
      "ansi-styles" "^2.2.1"
      "escape-string-regexp" "^1.0.2"
      "has-ansi" "^2.0.0"
      "strip-ansi" "^3.0.0"
      "supports-color" "^2.0.0"
  
  "chalk@^2.4.2":
    "version" "2.4.2"
    dependencies:
      "ansi-styles" "^3.2.1"
      "escape-string-regexp" "^1.0.5"
      "supports-color" "^5.3.0"
  
  "chokidar@^2.0.0":
    "version" "2.1.8"
    dependencies:
      "anymatch" "^2.0.0"
      "async-each" "^1.0.1"
      "braces" "^2.3.2"
      "fsevents" "^1.2.7"
      "glob-parent" "^3.1.0"
      "inherits" "^2.0.3"
      "is-binary-path" "^1.0.0"
      "is-glob" "^4.0.0"
      "normalize-path" "^3.0.0"
      "path-is-absolute" "^1.0.0"
      "readdirp" "^2.2.1"
      "upath" "^1.1.1"
    optionalDependencies:
      "fsevents" "^1.2.7"
  
  "chokidar@^2.1.2":
    "integrity" "sha512-ZmZUazfOzf0Nve7duiCKD23PFSCs4JPoYyccjUFF3aQkQadqBhfzhjkwBH2mNOG9cTBwhamM37EIsIkZw3nRgg=="
    "resolved" "https://registry.npmjs.org/chokidar/-/chokidar-2.1.8.tgz"
    "version" "2.1.8"
    dependencies:
      "anymatch" "^2.0.0"
      "async-each" "^1.0.1"
      "braces" "^2.3.2"
      "fsevents" "^1.2.7"
      "glob-parent" "^3.1.0"
      "inherits" "^2.0.3"
      "is-binary-path" "^1.0.0"
      "is-glob" "^4.0.0"
      "normalize-path" "^3.0.0"
      "path-is-absolute" "^1.0.0"
      "readdirp" "^2.2.1"
      "upath" "^1.1.1"
    optionalDependencies:
      "fsevents" "^1.2.7"
  
  "chokidar@^3.3.1", "chokidar@^3.4.1":
    "version" "3.4.3"
    dependencies:
      "anymatch" "~3.1.1"
      "braces" "~3.0.2"
      "fsevents" "~2.1.2"
      "glob-parent" "~5.1.0"
      "is-binary-path" "~2.1.0"
      "is-glob" "~4.0.1"
      "normalize-path" "~3.0.0"
      "readdirp" "~3.5.0"
    optionalDependencies:
      "fsevents" "~2.1.2"
  
  "clap@^1.0.9":
    "version" "1.2.3"
    dependencies:
      "chalk" "^1.1.3"
  
  "class-utils@^0.3.5":
    "version" "0.3.6"
    dependencies:
      "arr-union" "^3.1.0"
      "define-property" "^0.2.5"
      "isobject" "^3.0.0"
      "static-extend" "^0.1.1"
  
  "clean-css@4.2.x":
    "version" "4.2.3"
    dependencies:
      "source-map" "~0.6.0"
  
  "cliui@^3.2.0":
    "version" "3.2.0"
    dependencies:
      "string-width" "^1.0.1"
      "strip-ansi" "^3.0.1"
      "wrap-ansi" "^2.0.0"
  
  "cliui@^5.0.0":
    "version" "5.0.0"
    dependencies:
      "string-width" "^3.1.0"
      "strip-ansi" "^5.2.0"
      "wrap-ansi" "^5.1.0"
  
  "cliui@^6.0.0":
    "version" "6.0.0"
    dependencies:
      "string-width" "^4.2.0"
      "strip-ansi" "^6.0.0"
      "wrap-ansi" "^6.2.0"
  
  "clone-buffer@^1.0.0":
    "version" "1.0.0"
  
  "clone-stats@^1.0.0":
    "version" "1.0.0"
  
  "clone@^1.0.2":
    "version" "1.0.4"
  
  "clone@^2.1.1":
    "version" "2.1.2"
  
  "cloneable-readable@^1.0.0":
    "version" "1.1.3"
    dependencies:
      "inherits" "^2.0.1"
      "process-nextick-args" "^2.0.0"
      "readable-stream" "^2.3.5"
  
  "coa@~1.0.1":
    "version" "1.0.4"
    dependencies:
      "q" "^1.1.2"
  
  "code-point-at@^1.0.0":
    "version" "1.1.0"
  
  "collection-map@^1.0.0":
    "version" "1.0.0"
    dependencies:
      "arr-map" "^2.0.2"
      "for-own" "^1.0.0"
      "make-iterator" "^1.0.0"
  
  "collection-visit@^1.0.0":
    "version" "1.0.0"
    dependencies:
      "map-visit" "^1.0.0"
      "object-visit" "^1.0.0"
  
  "color-convert@^1.3.0", "color-convert@^1.9.0":
    "version" "1.9.3"
    dependencies:
      "color-name" "1.1.3"
  
  "color-convert@^2.0.1":
    "version" "2.0.1"
    dependencies:
      "color-name" "~1.1.4"
  
  "color-name@^1.0.0", "color-name@~1.1.4":
    "version" "1.1.4"
  
  "color-name@1.1.3":
    "version" "1.1.3"
  
  "color-string@^0.3.0":
    "version" "0.3.0"
    dependencies:
      "color-name" "^1.0.0"
  
  "color-support@^1.1.3":
    "version" "1.1.3"
  
  "color@^0.11.0":
    "version" "0.11.4"
    dependencies:
      "clone" "^1.0.2"
      "color-convert" "^1.3.0"
      "color-string" "^0.3.0"
  
  "colorette@^1.2.1":
    "version" "1.2.1"
  
  "colormin@^1.0.5":
    "version" "1.1.2"
    dependencies:
      "color" "^0.11.0"
      "css-color-names" "0.0.4"
      "has" "^1.0.1"
  
  "colors@~1.1.2":
    "version" "1.1.2"
  
  "commander@^2.2.0", "commander@^2.20.0":
    "version" "2.20.3"
  
  "commander@^4.0.0":
    "version" "4.1.1"
  
  "commander@~2.19.0":
    "version" "2.19.0"
  
  "commander@2.17.x":
    "version" "2.17.1"
  
  "component-bind@1.0.0":
    "version" "1.0.0"
  
  "component-emitter@^1.2.1", "component-emitter@~1.3.0":
    "version" "1.3.0"
  
  "component-emitter@1.2.1":
    "version" "1.2.1"
  
  "component-inherit@0.0.3":
    "version" "0.0.3"
  
  "concat-map@0.0.1":
    "version" "0.0.1"
  
  "concat-stream@^1.6.0":
    "version" "1.6.2"
    dependencies:
      "buffer-from" "^1.0.0"
      "inherits" "^2.0.3"
      "readable-stream" "^2.2.2"
      "typedarray" "^0.0.6"
  
  "connect-history-api-fallback@^1":
    "version" "1.6.0"
  
  "connect@3.6.6":
    "version" "3.6.6"
    dependencies:
      "debug" "2.6.9"
      "finalhandler" "1.1.0"
      "parseurl" "~1.3.2"
      "utils-merge" "1.0.1"
  
  "convert-source-map@^1.5.0":
    "version" "1.7.0"
    dependencies:
      "safe-buffer" "~5.1.1"
  
  "cookie@0.3.1":
    "version" "0.3.1"
  
  "copy-descriptor@^0.1.0":
    "version" "0.1.1"
  
  "copy-props@^2.0.1":
    "version" "2.0.4"
    dependencies:
      "each-props" "^1.3.0"
      "is-plain-object" "^2.0.1"
  
  "core-util-is@~1.0.0":
    "version" "1.0.2"
  
  "cosmiconfig@^5.0.0":
    "version" "5.2.1"
    dependencies:
      "import-fresh" "^2.0.0"
      "is-directory" "^0.3.1"
      "js-yaml" "^3.13.1"
      "parse-json" "^4.0.0"
  
  "css-color-names@0.0.4":
    "version" "0.0.4"
  
  "cssnano@^3.0.0":
    "version" "3.10.0"
    dependencies:
      "autoprefixer" "^6.3.1"
      "decamelize" "^1.1.2"
      "defined" "^1.0.0"
      "has" "^1.0.1"
      "object-assign" "^4.0.1"
      "postcss" "^5.0.14"
      "postcss-calc" "^5.2.0"
      "postcss-colormin" "^2.1.8"
      "postcss-convert-values" "^2.3.4"
      "postcss-discard-comments" "^2.0.4"
      "postcss-discard-duplicates" "^2.0.1"
      "postcss-discard-empty" "^2.0.1"
      "postcss-discard-overridden" "^0.1.1"
      "postcss-discard-unused" "^2.2.1"
      "postcss-filter-plugins" "^2.0.0"
      "postcss-merge-idents" "^2.1.5"
      "postcss-merge-longhand" "^2.0.1"
      "postcss-merge-rules" "^2.0.3"
      "postcss-minify-font-values" "^1.0.2"
      "postcss-minify-gradients" "^1.0.1"
      "postcss-minify-params" "^1.0.4"
      "postcss-minify-selectors" "^2.0.4"
      "postcss-normalize-charset" "^1.1.0"
      "postcss-normalize-url" "^3.0.7"
      "postcss-ordered-values" "^2.1.0"
      "postcss-reduce-idents" "^2.2.2"
      "postcss-reduce-initial" "^1.0.0"
      "postcss-reduce-transforms" "^1.0.3"
      "postcss-svgo" "^2.1.1"
      "postcss-unique-selectors" "^2.0.2"
      "postcss-value-parser" "^3.2.3"
      "postcss-zindex" "^2.0.1"
  
  "csso@~2.3.1":
    "version" "2.3.2"
    dependencies:
      "clap" "^1.0.9"
      "source-map" "^0.5.3"
  
  "d@^1.0.1", "d@1":
    "version" "1.0.1"
    dependencies:
      "es5-ext" "^0.10.50"
      "type" "^1.0.1"
  
  "debug@^2.2.0":
    "version" "2.6.9"
    dependencies:
      "ms" "2.0.0"
  
  "debug@^2.3.3":
    "version" "2.6.9"
    dependencies:
      "ms" "2.0.0"
  
  "debug@=3.1.0", "debug@~3.1.0":
    "version" "3.1.0"
    dependencies:
      "ms" "2.0.0"
  
  "debug@2.6.9":
    "version" "2.6.9"
    dependencies:
      "ms" "2.0.0"
  
  "debug@4.1.1":
    "version" "4.1.1"
    dependencies:
      "ms" "^2.1.1"
  
  "decamelize@^1.1.1", "decamelize@^1.1.2", "decamelize@^1.2.0":
    "version" "1.2.0"
  
  "decode-uri-component@^0.2.0":
    "version" "0.2.0"
  
  "default-compare@^1.0.0":
    "version" "1.0.0"
    dependencies:
      "kind-of" "^5.0.2"
  
  "default-resolution@^2.0.0":
    "version" "2.0.0"
  
  "define-properties@^1.1.3":
    "version" "1.1.3"
    dependencies:
      "object-keys" "^1.0.12"
  
  "define-property@^0.2.5":
    "version" "0.2.5"
    dependencies:
      "is-descriptor" "^0.1.0"
  
  "define-property@^1.0.0":
    "version" "1.0.0"
    dependencies:
      "is-descriptor" "^1.0.0"
  
  "define-property@^2.0.2":
    "version" "2.0.2"
    dependencies:
      "is-descriptor" "^1.0.2"
      "isobject" "^3.0.1"
  
  "defined@^1.0.0":
    "version" "1.0.0"
  
  "depd@~1.1.2":
    "version" "1.1.2"
  
  "destroy@~1.0.4":
    "version" "1.0.4"
  
  "detect-file@^1.0.0":
    "version" "1.0.0"
  
  "dev-ip@^1.0.1":
    "version" "1.0.1"
  
  "dlv@^1.1.3":
    "version" "1.1.3"
  
  "duplexify@^3.6.0":
    "version" "3.7.1"
    dependencies:
      "end-of-stream" "^1.0.0"
      "inherits" "^2.0.1"
      "readable-stream" "^2.0.0"
      "stream-shift" "^1.0.0"
  
  "each-props@^1.3.0":
    "version" "1.3.2"
    dependencies:
      "is-plain-object" "^2.0.1"
      "object.defaults" "^1.1.0"
  
  "easy-extender@^2.3.4":
    "version" "2.3.4"
    dependencies:
      "lodash" "^4.17.10"
  
  "eazy-logger@3.1.0":
    "version" "3.1.0"
    dependencies:
      "tfunk" "^4.0.0"
  
  "ee-first@1.1.1":
    "version" "1.1.1"
  
  "electron-to-chromium@^1.2.7", "electron-to-chromium@^1.3.621":
    "version" "1.3.629"
  
  "emoji-regex@^7.0.1":
    "version" "7.0.3"
  
  "emoji-regex@^8.0.0":
    "version" "8.0.0"
  
  "encodeurl@~1.0.1", "encodeurl@~1.0.2":
    "version" "1.0.2"
  
  "end-of-stream@^1.0.0", "end-of-stream@^1.1.0":
    "version" "1.4.4"
    dependencies:
      "once" "^1.4.0"
  
  "engine.io-client@~3.2.0":
    "version" "3.2.1"
    dependencies:
      "component-emitter" "1.2.1"
      "component-inherit" "0.0.3"
      "debug" "~3.1.0"
      "engine.io-parser" "~2.1.1"
      "has-cors" "1.1.0"
      "indexof" "0.0.1"
      "parseqs" "0.0.5"
      "parseuri" "0.0.5"
      "ws" "~3.3.1"
      "xmlhttprequest-ssl" "~1.5.4"
      "yeast" "0.1.2"
  
  "engine.io-client@~3.4.0":
    "version" "3.4.4"
    dependencies:
      "component-emitter" "~1.3.0"
      "component-inherit" "0.0.3"
      "debug" "~3.1.0"
      "engine.io-parser" "~2.2.0"
      "has-cors" "1.1.0"
      "indexof" "0.0.1"
      "parseqs" "0.0.6"
      "parseuri" "0.0.6"
      "ws" "~6.1.0"
      "xmlhttprequest-ssl" "~1.5.4"
      "yeast" "0.1.2"
  
  "engine.io-parser@~2.1.0", "engine.io-parser@~2.1.1":
    "version" "2.1.3"
    dependencies:
      "after" "0.8.2"
      "arraybuffer.slice" "~0.0.7"
      "base64-arraybuffer" "0.1.5"
      "blob" "0.0.5"
      "has-binary2" "~1.0.2"
  
  "engine.io-parser@~2.2.0":
    "version" "2.2.1"
    dependencies:
      "after" "0.8.2"
      "arraybuffer.slice" "~0.0.7"
      "base64-arraybuffer" "0.1.4"
      "blob" "0.0.5"
      "has-binary2" "~1.0.2"
  
  "engine.io@~3.2.0":
    "version" "3.2.1"
    dependencies:
      "accepts" "~1.3.4"
      "base64id" "1.0.0"
      "cookie" "0.3.1"
      "debug" "~3.1.0"
      "engine.io-parser" "~2.1.0"
      "ws" "~3.3.1"
  
  "error-ex@^1.2.0", "error-ex@^1.3.1":
    "version" "1.3.2"
    dependencies:
      "is-arrayish" "^0.2.1"
  
  "es5-ext@^0.10.35", "es5-ext@^0.10.46", "es5-ext@^0.10.50":
    "version" "0.10.53"
    dependencies:
      "es6-iterator" "~2.0.3"
      "es6-symbol" "~3.1.3"
      "next-tick" "~1.0.0"
  
  "es6-iterator@^2.0.1", "es6-iterator@^2.0.3", "es6-iterator@~2.0.3":
    "version" "2.0.3"
    dependencies:
      "d" "1"
      "es5-ext" "^0.10.35"
      "es6-symbol" "^3.1.1"
  
  "es6-symbol@^3.1.1", "es6-symbol@~3.1.3":
    "version" "3.1.3"
    dependencies:
      "d" "^1.0.1"
      "ext" "^1.1.2"
  
  "es6-weak-map@^2.0.1":
    "version" "2.0.3"
    dependencies:
      "d" "1"
      "es5-ext" "^0.10.46"
      "es6-iterator" "^2.0.3"
      "es6-symbol" "^3.1.1"
  
  "escalade@^3.1.1":
    "version" "3.1.1"
  
  "escape-html@~1.0.3":
    "version" "1.0.3"
  
  "escape-string-regexp@^1.0.2", "escape-string-regexp@^1.0.5":
    "version" "1.0.5"
  
  "esprima@^2.6.0":
    "version" "2.7.3"
  
  "esprima@^4.0.0":
    "version" "4.0.1"
  
  "etag@^1.8.1", "etag@~1.8.1", "etag@1.8.1":
    "version" "1.8.1"
  
  "eventemitter3@^4.0.0":
    "version" "4.0.7"
  
  "expand-brackets@^2.1.4":
    "version" "2.1.4"
    dependencies:
      "debug" "^2.3.3"
      "define-property" "^0.2.5"
      "extend-shallow" "^2.0.1"
      "posix-character-classes" "^0.1.0"
      "regex-not" "^1.0.0"
      "snapdragon" "^0.8.1"
      "to-regex" "^3.0.1"
  
  "expand-tilde@^2.0.0", "expand-tilde@^2.0.2":
    "version" "2.0.2"
    dependencies:
      "homedir-polyfill" "^1.0.1"
  
  "ext@^1.1.2":
    "version" "1.4.0"
    dependencies:
      "type" "^2.0.0"
  
  "extend-shallow@^1.1.2":
    "version" "1.1.4"
    dependencies:
      "kind-of" "^1.1.0"
  
  "extend-shallow@^2.0.1":
    "version" "2.0.1"
    dependencies:
      "is-extendable" "^0.1.0"
  
  "extend-shallow@^3.0.0":
    "version" "3.0.2"
    dependencies:
      "assign-symbols" "^1.0.0"
      "is-extendable" "^1.0.1"
  
  "extend-shallow@^3.0.2":
    "version" "3.0.2"
    dependencies:
      "assign-symbols" "^1.0.0"
      "is-extendable" "^1.0.1"
  
  "extend@^3.0.0":
    "version" "3.0.2"
  
  "extglob@^2.0.4":
    "version" "2.0.4"
    dependencies:
      "array-unique" "^0.3.2"
      "define-property" "^1.0.0"
      "expand-brackets" "^2.1.4"
      "extend-shallow" "^2.0.1"
      "fragment-cache" "^0.2.1"
      "regex-not" "^1.0.0"
      "snapdragon" "^0.8.1"
      "to-regex" "^3.0.1"
  
  "fancy-log@^1.3.2", "fancy-log@^1.3.3":
    "version" "1.3.3"
    dependencies:
      "ansi-gray" "^0.1.1"
      "color-support" "^1.1.3"
      "parse-node-version" "^1.0.0"
      "time-stamp" "^1.0.0"
  
  "fast-levenshtein@^1.0.0":
    "version" "1.1.4"
  
  "file-uri-to-path@1.0.0":
    "integrity" "sha512-0Zt+s3L7Vf1biwWZ29aARiVYLx7iMGnEUl9x33fbB/j3jR81u/O2LbqK+Bm1CDSNDKVtJ/YjwY7TUd5SkeLQLw=="
    "resolved" "https://registry.npmjs.org/file-uri-to-path/-/file-uri-to-path-1.0.0.tgz"
    "version" "1.0.0"
  
  "fill-range@^4.0.0":
    "version" "4.0.0"
    dependencies:
      "extend-shallow" "^2.0.1"
      "is-number" "^3.0.0"
      "repeat-string" "^1.6.1"
      "to-regex-range" "^2.1.0"
  
  "fill-range@^7.0.1":
    "version" "7.0.1"
    dependencies:
      "to-regex-range" "^5.0.1"
  
  "finalhandler@1.1.0":
    "version" "1.1.0"
    dependencies:
      "debug" "2.6.9"
      "encodeurl" "~1.0.1"
      "escape-html" "~1.0.3"
      "on-finished" "~2.3.0"
      "parseurl" "~1.3.2"
      "statuses" "~1.3.1"
      "unpipe" "~1.0.0"
  
  "find-up@^1.0.0":
    "version" "1.1.2"
    dependencies:
      "path-exists" "^2.0.0"
      "pinkie-promise" "^2.0.0"
  
  "find-up@^3.0.0":
    "version" "3.0.0"
    dependencies:
      "locate-path" "^3.0.0"
  
  "find-up@^4.1.0":
    "version" "4.1.0"
    dependencies:
      "locate-path" "^5.0.0"
      "path-exists" "^4.0.0"
  
  "findup-sync@^2.0.0":
    "version" "2.0.0"
    dependencies:
      "detect-file" "^1.0.0"
      "is-glob" "^3.1.0"
      "micromatch" "^3.0.4"
      "resolve-dir" "^1.0.1"
  
  "findup-sync@^3.0.0":
    "version" "3.0.0"
    dependencies:
      "detect-file" "^1.0.0"
      "is-glob" "^4.0.0"
      "micromatch" "^3.0.4"
      "resolve-dir" "^1.0.1"
  
  "fined@^1.0.1":
    "version" "1.2.0"
    dependencies:
      "expand-tilde" "^2.0.2"
      "is-plain-object" "^2.0.3"
      "object.defaults" "^1.1.0"
      "object.pick" "^1.2.0"
      "parse-filepath" "^1.0.1"
  
  "flagged-respawn@^1.0.0":
    "version" "1.0.1"
  
  "flatten@^1.0.2":
    "version" "1.0.3"
  
  "flush-write-stream@^1.0.2":
    "version" "1.1.1"
    dependencies:
      "inherits" "^2.0.3"
      "readable-stream" "^2.3.6"
  
  "follow-redirects@^1.0.0":
    "version" "1.13.1"
  
  "follow-redirects@1.5.10":
    "version" "1.5.10"
    dependencies:
      "debug" "=3.1.0"
  
  "for-in@^1.0.1", "for-in@^1.0.2":
    "version" "1.0.2"
  
  "for-own@^1.0.0":
    "version" "1.0.0"
    dependencies:
      "for-in" "^1.0.1"
  
  "fragment-cache@^0.2.1":
    "version" "0.2.1"
    dependencies:
      "map-cache" "^0.2.2"
  
  "fresh@^0.5.2", "fresh@0.5.2":
    "version" "0.5.2"
  
  "fs-extra@3.0.1":
    "version" "3.0.1"
    dependencies:
      "graceful-fs" "^4.1.2"
      "jsonfile" "^3.0.0"
      "universalify" "^0.1.0"
  
  "fs-mkdirp-stream@^1.0.0":
    "version" "1.0.0"
    dependencies:
      "graceful-fs" "^4.1.11"
      "through2" "^2.0.3"
  
  "fs.realpath@^1.0.0":
    "version" "1.0.0"
  
  "fsevents@^1.2.7", "fsevents@~2.1.2":
    "integrity" "sha512-oWb1Z6mkHIskLzEJ/XWX0srkpkTQ7vaopMQkyaEIoq0fmtFVxOthb8cCxeT+p3ynTdkk/RZwbgG4brR5BeWECw=="
    "resolved" "https://registry.npmjs.org/fsevents/-/fsevents-1.2.13.tgz"
    "version" "1.2.13"
    dependencies:
      "bindings" "^1.5.0"
      "nan" "^2.12.1"
  
  "function-bind@^1.1.1":
    "version" "1.1.1"
  
  "get-caller-file@^1.0.1":
    "version" "1.0.3"
  
  "get-caller-file@^2.0.1":
    "version" "2.0.5"
  
  "get-intrinsic@^1.0.0":
    "version" "1.0.1"
    dependencies:
      "function-bind" "^1.1.1"
      "has" "^1.0.3"
      "has-symbols" "^1.0.1"
  
  "get-value@^2.0.3", "get-value@^2.0.6":
    "version" "2.0.6"
  
  "glob-parent@^3.1.0":
    "version" "3.1.0"
    dependencies:
      "is-glob" "^3.1.0"
      "path-dirname" "^1.0.0"
  
  "glob-parent@~5.1.0":
    "version" "5.1.1"
    dependencies:
      "is-glob" "^4.0.1"
  
  "glob-stream@^6.1.0":
    "version" "6.1.0"
    dependencies:
      "extend" "^3.0.0"
      "glob" "^7.1.1"
      "glob-parent" "^3.1.0"
      "is-negated-glob" "^1.0.0"
      "ordered-read-streams" "^1.0.0"
      "pumpify" "^1.3.5"
      "readable-stream" "^2.1.5"
      "remove-trailing-separator" "^1.0.1"
      "to-absolute-glob" "^2.0.0"
      "unique-stream" "^2.0.2"
  
  "glob-watcher@^5.0.3":
    "version" "5.0.5"
    dependencies:
      "anymatch" "^2.0.0"
      "async-done" "^1.2.0"
      "chokidar" "^2.0.0"
      "is-negated-glob" "^1.0.0"
      "just-debounce" "^1.0.0"
      "normalize-path" "^3.0.0"
      "object.defaults" "^1.1.0"
  
  "glob@^7.1.1", "glob@7.1.6":
    "version" "7.1.6"
    dependencies:
      "fs.realpath" "^1.0.0"
      "inflight" "^1.0.4"
      "inherits" "2"
      "minimatch" "^3.0.4"
      "once" "^1.3.0"
      "path-is-absolute" "^1.0.0"
  
  "global-modules@^1.0.0":
    "version" "1.0.0"
    dependencies:
      "global-prefix" "^1.0.1"
      "is-windows" "^1.0.1"
      "resolve-dir" "^1.0.0"
  
  "global-prefix@^1.0.1":
    "version" "1.0.2"
    dependencies:
      "expand-tilde" "^2.0.2"
      "homedir-polyfill" "^1.0.1"
      "ini" "^1.3.4"
      "is-windows" "^1.0.1"
      "which" "^1.2.14"
  
  "glogg@^1.0.0":
    "version" "1.0.2"
    dependencies:
      "sparkles" "^1.0.0"
  
  "graceful-fs@^4.0.0", "graceful-fs@^4.1.11", "graceful-fs@^4.1.2", "graceful-fs@^4.1.6":
    "version" "4.2.4"
  
  "gulp-autoprefixer@^7.0.1":
    "version" "7.0.1"
    dependencies:
      "autoprefixer" "^9.6.1"
      "fancy-log" "^1.3.2"
      "plugin-error" "^1.0.1"
      "postcss" "^7.0.17"
      "through2" "^3.0.1"
      "vinyl-sourcemaps-apply" "^0.2.1"
  
  "gulp-cli@^2.2.0":
    "version" "2.3.0"
    dependencies:
      "ansi-colors" "^1.0.1"
      "archy" "^1.0.0"
      "array-sort" "^1.0.0"
      "color-support" "^1.1.3"
      "concat-stream" "^1.6.0"
      "copy-props" "^2.0.1"
      "fancy-log" "^1.3.2"
      "gulplog" "^1.0.0"
      "interpret" "^1.4.0"
      "isobject" "^3.0.1"
      "liftoff" "^3.1.0"
      "matchdep" "^2.0.0"
      "mute-stdout" "^1.0.0"
      "pretty-hrtime" "^1.0.0"
      "replace-homedir" "^1.0.0"
      "semver-greatest-satisfied-range" "^1.1.0"
      "v8flags" "^3.2.0"
      "yargs" "^7.1.0"
  
  "gulp-cssnano@^2.1.3":
    "version" "2.1.3"
    dependencies:
      "buffer-from" "^1.0.0"
      "cssnano" "^3.0.0"
      "object-assign" "^4.0.1"
      "plugin-error" "^1.0.1"
      "vinyl-sourcemaps-apply" "^0.2.1"
  
  "gulp-htmlmin@^5.0.1":
    "version" "5.0.1"
    dependencies:
      "html-minifier" "^3.5.20"
      "plugin-error" "^1.0.1"
      "through2" "^2.0.3"
  
  "gulp-postcss@^9.0.0":
    "version" "9.0.0"
    dependencies:
      "fancy-log" "^1.3.3"
      "plugin-error" "^1.0.1"
      "postcss-load-config" "^2.1.1"
      "vinyl-sourcemaps-apply" "^0.2.1"
  
  "gulp-terser@^2.0.0":
    "version" "2.0.0"
    dependencies:
      "plugin-error" "^1.0.1"
      "terser" "5.4.0"
      "through2" "^4.0.2"
      "vinyl-sourcemaps-apply" "^0.2.1"
  
  "gulp@^4.0.2", "gulp@>=4":
    "version" "4.0.2"
    dependencies:
      "glob-watcher" "^5.0.3"
      "gulp-cli" "^2.2.0"
      "undertaker" "^1.2.1"
      "vinyl-fs" "^3.0.0"
  
  "gulplog@^1.0.0":
    "version" "1.0.0"
    dependencies:
      "glogg" "^1.0.0"
  
  "has-ansi@^2.0.0":
    "version" "2.0.0"
    dependencies:
      "ansi-regex" "^2.0.0"
  
  "has-binary2@~1.0.2":
    "version" "1.0.3"
    dependencies:
      "isarray" "2.0.1"
  
  "has-cors@1.1.0":
    "version" "1.1.0"
  
  "has-flag@^1.0.0":
    "version" "1.0.0"
  
  "has-flag@^3.0.0":
    "version" "3.0.0"
  
  "has-symbols@^1.0.1":
    "version" "1.0.1"
  
  "has-value@^0.3.1":
    "version" "0.3.1"
    dependencies:
      "get-value" "^2.0.3"
      "has-values" "^0.1.4"
      "isobject" "^2.0.0"
  
  "has-value@^1.0.0":
    "version" "1.0.0"
    dependencies:
      "get-value" "^2.0.6"
      "has-values" "^1.0.0"
      "isobject" "^3.0.0"
  
  "has-values@^0.1.4":
    "version" "0.1.4"
  
  "has-values@^1.0.0":
    "version" "1.0.0"
    dependencies:
      "is-number" "^3.0.0"
      "kind-of" "^4.0.0"
  
  "has@^1.0.1", "has@^1.0.3":
    "version" "1.0.3"
    dependencies:
      "function-bind" "^1.1.1"
  
  "he@1.2.x":
    "version" "1.2.0"
  
  "homedir-polyfill@^1.0.1":
    "version" "1.0.3"
    dependencies:
      "parse-passwd" "^1.0.0"
  
  "hosted-git-info@^2.1.4":
    "version" "2.8.8"
  
  "html-comment-regex@^1.1.0":
    "version" "1.1.2"
  
  "html-minifier@^3.5.20":
    "version" "3.5.21"
    dependencies:
      "camel-case" "3.0.x"
      "clean-css" "4.2.x"
      "commander" "2.17.x"
      "he" "1.2.x"
      "param-case" "2.1.x"
      "relateurl" "0.2.x"
      "uglify-js" "3.4.x"
  
  "http-errors@~1.6.2":
    "version" "1.6.3"
    dependencies:
      "depd" "~1.1.2"
      "inherits" "2.0.3"
      "setprototypeof" "1.1.0"
      "statuses" ">= 1.4.0 < 2"
  
  "http-errors@1.7.3":
    "version" "1.7.3"
    dependencies:
      "depd" "~1.1.2"
      "inherits" "2.0.4"
      "setprototypeof" "1.1.1"
      "statuses" ">= 1.5.0 < 2"
      "toidentifier" "1.0.0"
  
  "http-proxy@^1.18.1":
    "version" "1.18.1"
    dependencies:
      "eventemitter3" "^4.0.0"
      "follow-redirects" "^1.0.0"
      "requires-port" "^1.0.0"
  
  "iconv-lite@0.4.24":
    "version" "0.4.24"
    dependencies:
      "safer-buffer" ">= 2.1.2 < 3"
  
  "immutable@^3":
    "version" "3.8.2"
  
  "import-cwd@^2.0.0":
    "version" "2.1.0"
    dependencies:
      "import-from" "^2.1.0"
  
  "import-fresh@^2.0.0":
    "version" "2.0.0"
    dependencies:
      "caller-path" "^2.0.0"
      "resolve-from" "^3.0.0"
  
  "import-from@^2.1.0":
    "version" "2.1.0"
    dependencies:
      "resolve-from" "^3.0.0"
  
  "indexes-of@^1.0.1":
    "version" "1.0.1"
  
  "indexof@0.0.1":
    "version" "0.0.1"
  
  "inflight@^1.0.4":
    "version" "1.0.6"
    dependencies:
      "once" "^1.3.0"
      "wrappy" "1"
  
  "inherits@^2.0.1", "inherits@^2.0.3", "inherits@^2.0.4", "inherits@~2.0.3", "inherits@2", "inherits@2.0.4":
    "version" "2.0.4"
  
  "inherits@2.0.3":
    "version" "2.0.3"
  
  "ini@^1.3.4":
    "version" "1.3.8"
  
  "interpret@^1.4.0":
    "version" "1.4.0"
  
  "invert-kv@^1.0.0":
    "version" "1.0.0"
  
  "is-absolute-url@^2.0.0":
    "version" "2.1.0"
  
  "is-absolute@^1.0.0":
    "version" "1.0.0"
    dependencies:
      "is-relative" "^1.0.0"
      "is-windows" "^1.0.1"
  
  "is-accessor-descriptor@^0.1.6":
    "version" "0.1.6"
    dependencies:
      "kind-of" "^3.0.2"
  
  "is-accessor-descriptor@^1.0.0":
    "version" "1.0.0"
    dependencies:
      "kind-of" "^6.0.0"
  
  "is-arrayish@^0.2.1":
    "version" "0.2.1"
  
  "is-binary-path@^1.0.0":
    "integrity" "sha1-dfFmQrSA8YenEcgUFh/TpKdlWJg="
    "resolved" "https://registry.npmjs.org/is-binary-path/-/is-binary-path-1.0.1.tgz"
    "version" "1.0.1"
    dependencies:
      "binary-extensions" "^1.0.0"
  
  "is-binary-path@~2.1.0":
    "version" "2.1.0"
    dependencies:
      "binary-extensions" "^2.0.0"
  
  "is-buffer@^1.1.5":
    "version" "1.1.6"
  
  "is-buffer@^2.0.2":
    "version" "2.0.5"
  
  "is-core-module@^2.1.0":
    "version" "2.2.0"
    dependencies:
      "has" "^1.0.3"
  
  "is-data-descriptor@^0.1.4":
    "version" "0.1.4"
    dependencies:
      "kind-of" "^3.0.2"
  
  "is-data-descriptor@^1.0.0":
    "version" "1.0.0"
    dependencies:
      "kind-of" "^6.0.0"
  
  "is-descriptor@^0.1.0":
    "version" "0.1.6"
    dependencies:
      "is-accessor-descriptor" "^0.1.6"
      "is-data-descriptor" "^0.1.4"
      "kind-of" "^5.0.0"
  
  "is-descriptor@^1.0.0", "is-descriptor@^1.0.2":
    "version" "1.0.2"
    dependencies:
      "is-accessor-descriptor" "^1.0.0"
      "is-data-descriptor" "^1.0.0"
      "kind-of" "^6.0.2"
  
  "is-directory@^0.3.1":
    "version" "0.3.1"
  
  "is-extendable@^0.1.0", "is-extendable@^0.1.1":
    "version" "0.1.1"
  
  "is-extendable@^1.0.1":
    "version" "1.0.1"
    dependencies:
      "is-plain-object" "^2.0.4"
  
  "is-extglob@^2.1.0", "is-extglob@^2.1.1":
    "version" "2.1.1"
  
  "is-fullwidth-code-point@^1.0.0":
    "version" "1.0.0"
    dependencies:
      "number-is-nan" "^1.0.0"
  
  "is-fullwidth-code-point@^2.0.0":
    "version" "2.0.0"
  
  "is-fullwidth-code-point@^3.0.0":
    "version" "3.0.0"
  
  "is-glob@^3.1.0":
    "version" "3.1.0"
    dependencies:
      "is-extglob" "^2.1.0"
  
  "is-glob@^4.0.0", "is-glob@^4.0.1", "is-glob@~4.0.1":
    "version" "4.0.1"
    dependencies:
      "is-extglob" "^2.1.1"
  
  "is-negated-glob@^1.0.0":
    "version" "1.0.0"
  
  "is-number-like@^1.0.3":
    "version" "1.0.8"
    dependencies:
      "lodash.isfinite" "^3.3.2"
  
  "is-number@^3.0.0":
    "version" "3.0.0"
    dependencies:
      "kind-of" "^3.0.2"
  
  "is-number@^4.0.0":
    "version" "4.0.0"
  
  "is-number@^7.0.0":
    "version" "7.0.0"
  
  "is-plain-obj@^1.0.0":
    "version" "1.1.0"
  
  "is-plain-object@^2.0.1", "is-plain-object@^2.0.3", "is-plain-object@^2.0.4":
    "version" "2.0.4"
    dependencies:
      "isobject" "^3.0.1"
  
  "is-relative@^1.0.0":
    "version" "1.0.0"
    dependencies:
      "is-unc-path" "^1.0.0"
  
  "is-svg@^2.0.0":
    "version" "2.1.0"
    dependencies:
      "html-comment-regex" "^1.1.0"
  
  "is-unc-path@^1.0.0":
    "version" "1.0.0"
    dependencies:
      "unc-path-regex" "^0.1.2"
  
  "is-utf8@^0.2.0", "is-utf8@^0.2.1":
    "version" "0.2.1"
  
  "is-valid-glob@^1.0.0":
    "version" "1.0.0"
  
  "is-windows@^1.0.1", "is-windows@^1.0.2":
    "version" "1.0.2"
  
  "is-wsl@^1.1.0":
    "version" "1.1.0"
  
  "isarray@~1.0.0":
    "version" "1.0.0"
  
  "isarray@1.0.0":
    "version" "1.0.0"
  
  "isarray@2.0.1":
    "version" "2.0.1"
  
  "isexe@^2.0.0":
    "version" "2.0.0"
  
  "isobject@^2.0.0":
    "version" "2.1.0"
    dependencies:
      "isarray" "1.0.0"
  
  "isobject@^3.0.0", "isobject@^3.0.1":
    "version" "3.0.1"
  
  "js-base64@^2.1.9":
    "version" "2.6.4"
  
  "js-yaml@^3.13.1":
    "version" "3.14.1"
    dependencies:
      "argparse" "^1.0.7"
      "esprima" "^4.0.0"
  
  "js-yaml@~3.7.0":
    "version" "3.7.0"
    dependencies:
      "argparse" "^1.0.7"
      "esprima" "^2.6.0"
  
  "json-parse-better-errors@^1.0.1":
    "version" "1.0.2"
  
  "json-stable-stringify-without-jsonify@^1.0.1":
    "version" "1.0.1"
  
  "jsonfile@^3.0.0":
    "version" "3.0.1"
    dependencies:
      "graceful-fs" "^4.1.6"
    optionalDependencies:
      "graceful-fs" "^4.1.6"
  
  "just-debounce@^1.0.0":
    "version" "1.0.0"
  
  "kind-of@^1.1.0":
    "version" "1.1.0"
  
  "kind-of@^3.0.2", "kind-of@^3.0.3", "kind-of@^3.2.0":
    "version" "3.2.2"
    dependencies:
      "is-buffer" "^1.1.5"
  
  "kind-of@^4.0.0":
    "version" "4.0.0"
    dependencies:
      "is-buffer" "^1.1.5"
  
  "kind-of@^5.0.0":
    "version" "5.1.0"
  
  "kind-of@^5.0.2":
    "version" "5.1.0"
  
  "kind-of@^6.0.0":
    "version" "6.0.3"
  
  "kind-of@^6.0.2":
    "version" "6.0.3"
  
  "last-run@^1.1.0":
    "version" "1.1.1"
    dependencies:
      "default-resolution" "^2.0.0"
      "es6-weak-map" "^2.0.1"
  
  "lazystream@^1.0.0":
    "version" "1.0.0"
    dependencies:
      "readable-stream" "^2.0.5"
  
  "lcid@^1.0.0":
    "version" "1.0.0"
    dependencies:
      "invert-kv" "^1.0.0"
  
  "lead@^1.0.0":
    "version" "1.0.0"
    dependencies:
      "flush-write-stream" "^1.0.2"
  
  "liftoff@^3.1.0":
    "version" "3.1.0"
    dependencies:
      "extend" "^3.0.0"
      "findup-sync" "^3.0.0"
      "fined" "^1.0.1"
      "flagged-respawn" "^1.0.0"
      "is-plain-object" "^2.0.4"
      "object.map" "^1.0.0"
      "rechoir" "^0.6.2"
      "resolve" "^1.1.7"
  
  "limiter@^1.0.5":
    "version" "1.1.5"
  
  "lines-and-columns@^1.1.6":
    "version" "1.1.6"
  
  "load-json-file@^1.0.0":
    "version" "1.1.0"
    dependencies:
      "graceful-fs" "^4.1.2"
      "parse-json" "^2.2.0"
      "pify" "^2.0.0"
      "pinkie-promise" "^2.0.0"
      "strip-bom" "^2.0.0"
  
  "localtunnel@^2.0.0":
    "version" "2.0.0"
    dependencies:
      "axios" "0.19.0"
      "debug" "4.1.1"
      "openurl" "1.1.1"
      "yargs" "13.3.0"
  
  "locate-path@^3.0.0":
    "version" "3.0.0"
    dependencies:
      "p-locate" "^3.0.0"
      "path-exists" "^3.0.0"
  
  "locate-path@^5.0.0":
    "version" "5.0.0"
    dependencies:
      "p-locate" "^4.1.0"
  
  "lodash.isfinite@^3.3.2":
    "version" "3.3.2"
  
  "lodash.memoize@^4.1.2":
    "version" "4.1.2"
  
  "lodash.uniq@^4.5.0":
    "version" "4.5.0"
  
  "lodash@^4.17.10":
    "version" "4.17.20"
  
  "lower-case@^1.1.1":
    "version" "1.1.4"
  
  "make-iterator@^1.0.0":
    "version" "1.0.1"
    dependencies:
      "kind-of" "^6.0.2"
  
  "map-cache@^0.2.0", "map-cache@^0.2.2":
    "version" "0.2.2"
  
  "map-visit@^1.0.0":
    "version" "1.0.0"
    dependencies:
      "object-visit" "^1.0.0"
  
  "matchdep@^2.0.0":
    "version" "2.0.0"
    dependencies:
      "findup-sync" "^2.0.0"
      "micromatch" "^3.0.4"
      "resolve" "^1.4.0"
      "stack-trace" "0.0.10"
  
  "math-expression-evaluator@^1.2.14":
    "version" "1.3.6"
  
  "micromatch@^3.0.4", "micromatch@^3.1.10", "micromatch@^3.1.4":
    "version" "3.1.10"
    dependencies:
      "arr-diff" "^4.0.0"
      "array-unique" "^0.3.2"
      "braces" "^2.3.1"
      "define-property" "^2.0.2"
      "extend-shallow" "^3.0.2"
      "extglob" "^2.0.4"
      "fragment-cache" "^0.2.1"
      "kind-of" "^6.0.2"
      "nanomatch" "^1.2.9"
      "object.pick" "^1.3.0"
      "regex-not" "^1.0.0"
      "snapdragon" "^0.8.1"
      "to-regex" "^3.0.2"
  
  "micromatch@^4.0.2":
    "version" "4.0.2"
    dependencies:
      "braces" "^3.0.1"
      "picomatch" "^2.0.5"
  
  "mime-db@1.44.0":
    "version" "1.44.0"
  
  "mime-types@~2.1.17", "mime-types@~2.1.24":
    "version" "2.1.27"
    dependencies:
      "mime-db" "1.44.0"
  
  "mime@1.4.1":
    "version" "1.4.1"
  
  "minimatch@^3.0.2", "minimatch@^3.0.4":
    "version" "3.0.4"
    dependencies:
      "brace-expansion" "^1.1.7"
  
  "minimist@^1.2.5":
    "version" "1.2.5"
  
  "mitt@^1.1.3":
    "version" "1.2.0"
  
  "mixin-deep@^1.2.0":
    "version" "1.3.2"
    dependencies:
      "for-in" "^1.0.2"
      "is-extendable" "^1.0.1"
  
  "mkdirp@~0.5.1":
    "version" "0.5.5"
    dependencies:
      "minimist" "^1.2.5"
  
  "ms@^2.1.1":
    "version" "2.1.3"
  
  "ms@2.0.0":
    "version" "2.0.0"
  
  "mute-stdout@^1.0.0":
    "version" "1.0.1"
  
  "mz@^2.7.0":
    "version" "2.7.0"
    dependencies:
      "any-promise" "^1.0.0"
      "object-assign" "^4.0.1"
      "thenify-all" "^1.0.0"
  
  "nan@^2.12.1":
    "integrity" "sha512-M2ufzIiINKCuDfBSAUr1vWQ+vuVcA9kqx8JJUsbQi6yf1uGRyb7HfpdfUr5qLXf3B/t8dPvcjhKMmlfnP47EzQ=="
    "resolved" "https://registry.npmjs.org/nan/-/nan-2.14.2.tgz"
    "version" "2.14.2"
  
  "nanoid@^3.1.20":
    "version" "3.1.20"
  
  "nanomatch@^1.2.9":
    "version" "1.2.13"
    dependencies:
      "arr-diff" "^4.0.0"
      "array-unique" "^0.3.2"
      "define-property" "^2.0.2"
      "extend-shallow" "^3.0.2"
      "fragment-cache" "^0.2.1"
      "is-windows" "^1.0.2"
      "kind-of" "^6.0.2"
      "object.pick" "^1.3.0"
      "regex-not" "^1.0.0"
      "snapdragon" "^0.8.1"
      "to-regex" "^3.0.1"
  
  "negotiator@0.6.2":
    "version" "0.6.2"
  
  "next-tick@~1.0.0":
    "version" "1.0.0"
  
  "no-case@^2.2.0":
    "version" "2.3.2"
    dependencies:
      "lower-case" "^1.1.1"
  
  "node-modules-regexp@^1.0.0":
    "version" "1.0.0"
  
  "node-releases@^1.1.67":
    "version" "1.1.67"
  
  "normalize-package-data@^2.3.2":
    "version" "2.5.0"
    dependencies:
      "hosted-git-info" "^2.1.4"
      "resolve" "^1.10.0"
      "semver" "2 || 3 || 4 || 5"
      "validate-npm-package-license" "^3.0.1"
  
  "normalize-path@^2.1.1":
    "version" "2.1.1"
    dependencies:
      "remove-trailing-separator" "^1.0.1"
  
  "normalize-path@^3.0.0", "normalize-path@~3.0.0":
    "version" "3.0.0"
  
  "normalize-range@^0.1.2":
    "version" "0.1.2"
  
  "normalize-url@^1.4.0":
    "version" "1.9.1"
    dependencies:
      "object-assign" "^4.0.1"
      "prepend-http" "^1.0.0"
      "query-string" "^4.1.0"
      "sort-keys" "^1.0.0"
  
  "now-and-later@^2.0.0":
    "version" "2.0.1"
    dependencies:
      "once" "^1.3.2"
  
  "num2fraction@^1.2.2":
    "version" "1.2.2"
  
  "number-is-nan@^1.0.0":
    "version" "1.0.1"
  
  "object-assign@^4.0.1", "object-assign@^4.1.0":
    "version" "4.1.1"
  
  "object-component@0.0.3":
    "version" "0.0.3"
  
  "object-copy@^0.1.0":
    "version" "0.1.0"
    dependencies:
      "copy-descriptor" "^0.1.0"
      "define-property" "^0.2.5"
      "kind-of" "^3.0.3"
  
  "object-keys@^1.0.12", "object-keys@^1.1.1":
    "version" "1.1.1"
  
  "object-visit@^1.0.0":
    "version" "1.0.1"
    dependencies:
      "isobject" "^3.0.0"
  
  "object.assign@^4.0.4", "object.assign@^4.1.0":
    "version" "4.1.2"
    dependencies:
      "call-bind" "^1.0.0"
      "define-properties" "^1.1.3"
      "has-symbols" "^1.0.1"
      "object-keys" "^1.1.1"
  
  "object.defaults@^1.0.0", "object.defaults@^1.1.0":
    "version" "1.1.0"
    dependencies:
      "array-each" "^1.0.1"
      "array-slice" "^1.0.0"
      "for-own" "^1.0.0"
      "isobject" "^3.0.0"
  
  "object.map@^1.0.0":
    "version" "1.0.1"
    dependencies:
      "for-own" "^1.0.0"
      "make-iterator" "^1.0.0"
  
  "object.pick@^1.2.0", "object.pick@^1.3.0":
    "version" "1.3.0"
    dependencies:
      "isobject" "^3.0.1"
  
  "object.reduce@^1.0.0":
    "version" "1.0.1"
    dependencies:
      "for-own" "^1.0.0"
      "make-iterator" "^1.0.0"
  
  "on-finished@~2.3.0":
    "version" "2.3.0"
    dependencies:
      "ee-first" "1.1.1"
  
  "once@^1.3.0", "once@^1.3.1", "once@^1.3.2", "once@^1.4.0":
    "version" "1.4.0"
    dependencies:
      "wrappy" "1"
  
  "openurl@1.1.1":
    "version" "1.1.1"
  
  "opn@5.3.0":
    "version" "5.3.0"
    dependencies:
      "is-wsl" "^1.1.0"
  
  "ordered-read-streams@^1.0.0":
    "version" "1.0.1"
    dependencies:
      "readable-stream" "^2.0.1"
  
  "os-locale@^1.4.0":
    "version" "1.4.0"
    dependencies:
      "lcid" "^1.0.0"
  
  "p-limit@^2.0.0", "p-limit@^2.2.0":
    "version" "2.3.0"
    dependencies:
      "p-try" "^2.0.0"
  
  "p-locate@^3.0.0":
    "version" "3.0.0"
    dependencies:
      "p-limit" "^2.0.0"
  
  "p-locate@^4.1.0":
    "version" "4.1.0"
    dependencies:
      "p-limit" "^2.2.0"
  
  "p-try@^2.0.0":
    "version" "2.2.0"
  
  "param-case@2.1.x":
    "version" "2.1.1"
    dependencies:
      "no-case" "^2.2.0"
  
  "parse-filepath@^1.0.1":
    "version" "1.0.2"
    dependencies:
      "is-absolute" "^1.0.0"
      "map-cache" "^0.2.0"
      "path-root" "^0.1.1"
  
  "parse-json@^2.2.0":
    "version" "2.2.0"
    dependencies:
      "error-ex" "^1.2.0"
  
  "parse-json@^4.0.0":
    "version" "4.0.0"
    dependencies:
      "error-ex" "^1.3.1"
      "json-parse-better-errors" "^1.0.1"
  
  "parse-node-version@^1.0.0":
    "version" "1.0.1"
  
  "parse-passwd@^1.0.0":
    "version" "1.0.0"
  
  "parseqs@0.0.5":
    "version" "0.0.5"
    dependencies:
      "better-assert" "~1.0.0"
  
  "parseqs@0.0.6":
    "version" "0.0.6"
  
  "parseuri@0.0.5":
    "version" "0.0.5"
    dependencies:
      "better-assert" "~1.0.0"
  
  "parseuri@0.0.6":
    "version" "0.0.6"
  
  "parseurl@~1.3.2":
    "version" "1.3.3"
  
  "pascalcase@^0.1.1":
    "version" "0.1.1"
  
  "path-dirname@^1.0.0":
    "version" "1.0.2"
  
  "path-exists@^2.0.0":
    "version" "2.1.0"
    dependencies:
      "pinkie-promise" "^2.0.0"
  
  "path-exists@^3.0.0":
    "version" "3.0.0"
  
  "path-exists@^4.0.0":
    "version" "4.0.0"
  
  "path-is-absolute@^1.0.0":
    "version" "1.0.1"
  
  "path-parse@^1.0.6":
    "version" "1.0.6"
  
  "path-root-regex@^0.1.0":
    "version" "0.1.2"
  
  "path-root@^0.1.1":
    "version" "0.1.1"
    dependencies:
      "path-root-regex" "^0.1.0"
  
  "path-type@^1.0.0":
    "version" "1.1.0"
    dependencies:
      "graceful-fs" "^4.1.2"
      "pify" "^2.0.0"
      "pinkie-promise" "^2.0.0"
  
  "picomatch@^2.0.4", "picomatch@^2.0.5", "picomatch@^2.2.1":
    "version" "2.2.2"
  
  "pify@^2.0.0":
    "version" "2.3.0"
  
  "pinkie-promise@^2.0.0":
    "version" "2.0.1"
    dependencies:
      "pinkie" "^2.0.0"
  
  "pinkie@^2.0.0":
    "version" "2.0.4"
  
  "pirates@^4.0.1":
    "version" "4.0.1"
    dependencies:
      "node-modules-regexp" "^1.0.0"
  
  "plugin-error@^0.1.2":
    "version" "0.1.2"
    dependencies:
      "ansi-cyan" "^0.1.1"
      "ansi-red" "^0.1.1"
      "arr-diff" "^1.0.1"
      "arr-union" "^2.0.1"
      "extend-shallow" "^1.1.2"
  
  "plugin-error@^1.0.1":
    "version" "1.0.1"
    dependencies:
      "ansi-colors" "^1.0.1"
      "arr-diff" "^4.0.0"
      "arr-union" "^3.1.0"
      "extend-shallow" "^3.0.2"
  
  "portscanner@2.1.1":
    "version" "2.1.1"
    dependencies:
      "async" "1.5.2"
      "is-number-like" "^1.0.3"
  
  "posix-character-classes@^0.1.0":
    "version" "0.1.1"
  
  "postcss-calc@^5.2.0":
    "version" "5.3.1"
    dependencies:
      "postcss" "^5.0.2"
      "postcss-message-helpers" "^2.0.0"
      "reduce-css-calc" "^1.2.6"
  
  "postcss-colormin@^2.1.8":
    "version" "2.2.2"
    dependencies:
      "colormin" "^1.0.5"
      "postcss" "^5.0.13"
      "postcss-value-parser" "^3.2.3"
  
  "postcss-convert-values@^2.3.4":
    "version" "2.6.1"
    dependencies:
      "postcss" "^5.0.11"
      "postcss-value-parser" "^3.1.2"
  
  "postcss-discard-comments@^2.0.4":
    "version" "2.0.4"
    dependencies:
      "postcss" "^5.0.14"
  
  "postcss-discard-duplicates@^2.0.1":
    "version" "2.1.0"
    dependencies:
      "postcss" "^5.0.4"
  
  "postcss-discard-empty@^2.0.1":
    "version" "2.1.0"
    dependencies:
      "postcss" "^5.0.14"
  
  "postcss-discard-overridden@^0.1.1":
    "version" "0.1.1"
    dependencies:
      "postcss" "^5.0.16"
  
  "postcss-discard-unused@^2.2.1":
    "version" "2.2.3"
    dependencies:
      "postcss" "^5.0.14"
      "uniqs" "^2.0.0"
  
  "postcss-filter-plugins@^2.0.0":
    "version" "2.0.3"
    dependencies:
      "postcss" "^5.0.4"
  
  "postcss-load-config@^2.1.1":
    "version" "2.1.2"
    dependencies:
      "cosmiconfig" "^5.0.0"
      "import-cwd" "^2.0.0"
  
  "postcss-merge-idents@^2.1.5":
    "version" "2.1.7"
    dependencies:
      "has" "^1.0.1"
      "postcss" "^5.0.10"
      "postcss-value-parser" "^3.1.1"
  
  "postcss-merge-longhand@^2.0.1":
    "version" "2.0.2"
    dependencies:
      "postcss" "^5.0.4"
  
  "postcss-merge-rules@^2.0.3":
    "version" "2.1.2"
    dependencies:
      "browserslist" "^1.5.2"
      "caniuse-api" "^1.5.2"
      "postcss" "^5.0.4"
      "postcss-selector-parser" "^2.2.2"
      "vendors" "^1.0.0"
  
  "postcss-message-helpers@^2.0.0":
    "version" "2.0.0"
  
  "postcss-minify-font-values@^1.0.2":
    "version" "1.0.5"
    dependencies:
      "object-assign" "^4.0.1"
      "postcss" "^5.0.4"
      "postcss-value-parser" "^3.0.2"
  
  "postcss-minify-gradients@^1.0.1":
    "version" "1.0.5"
    dependencies:
      "postcss" "^5.0.12"
      "postcss-value-parser" "^3.3.0"
  
  "postcss-minify-params@^1.0.4":
    "version" "1.2.2"
    dependencies:
      "alphanum-sort" "^1.0.1"
      "postcss" "^5.0.2"
      "postcss-value-parser" "^3.0.2"
      "uniqs" "^2.0.0"
  
  "postcss-minify-selectors@^2.0.4":
    "version" "2.1.1"
    dependencies:
      "alphanum-sort" "^1.0.2"
      "has" "^1.0.1"
      "postcss" "^5.0.14"
      "postcss-selector-parser" "^2.0.0"
  
  "postcss-normalize-charset@^1.1.0":
    "version" "1.1.1"
    dependencies:
      "postcss" "^5.0.5"
  
  "postcss-normalize-url@^3.0.7":
    "version" "3.0.8"
    dependencies:
      "is-absolute-url" "^2.0.0"
      "normalize-url" "^1.4.0"
      "postcss" "^5.0.14"
      "postcss-value-parser" "^3.2.3"
  
  "postcss-ordered-values@^2.1.0":
    "version" "2.2.3"
    dependencies:
      "postcss" "^5.0.4"
      "postcss-value-parser" "^3.0.1"
  
  "postcss-reduce-idents@^2.2.2":
    "version" "2.4.0"
    dependencies:
      "postcss" "^5.0.4"
      "postcss-value-parser" "^3.0.2"
  
  "postcss-reduce-initial@^1.0.0":
    "version" "1.0.1"
    dependencies:
      "postcss" "^5.0.4"
  
  "postcss-reduce-transforms@^1.0.3":
    "version" "1.0.4"
    dependencies:
      "has" "^1.0.1"
      "postcss" "^5.0.8"
      "postcss-value-parser" "^3.0.1"
  
  "postcss-selector-parser@^2.0.0", "postcss-selector-parser@^2.2.2":
    "version" "2.2.3"
    dependencies:
      "flatten" "^1.0.2"
      "indexes-of" "^1.0.1"
      "uniq" "^1.0.1"
  
  "postcss-svgo@^2.1.1":
    "version" "2.1.6"
    dependencies:
      "is-svg" "^2.0.0"
      "postcss" "^5.0.14"
      "postcss-value-parser" "^3.2.3"
      "svgo" "^0.7.0"
  
  "postcss-unique-selectors@^2.0.2":
    "version" "2.0.2"
    dependencies:
      "alphanum-sort" "^1.0.1"
      "postcss" "^5.0.4"
      "uniqs" "^2.0.0"
  
  "postcss-value-parser@^3.0.1", "postcss-value-parser@^3.0.2", "postcss-value-parser@^3.1.1", "postcss-value-parser@^3.1.2", "postcss-value-parser@^3.2.3", "postcss-value-parser@^3.3.0":
    "version" "3.3.1"
  
  "postcss-value-parser@^4.1.0":
    "version" "4.1.0"
  
  "postcss-zindex@^2.0.1":
    "version" "2.2.0"
    dependencies:
      "has" "^1.0.1"
      "postcss" "^5.0.4"
      "uniqs" "^2.0.0"
  
  "postcss@^5.0.10":
    "version" "5.2.18"
    dependencies:
      "chalk" "^1.1.3"
      "js-base64" "^2.1.9"
      "source-map" "^0.5.6"
      "supports-color" "^3.2.3"
  
  "postcss@^5.0.11":
    "version" "5.2.18"
    dependencies:
      "chalk" "^1.1.3"
      "js-base64" "^2.1.9"
      "source-map" "^0.5.6"
      "supports-color" "^3.2.3"
  
  "postcss@^5.0.12":
    "version" "5.2.18"
    dependencies:
      "chalk" "^1.1.3"
      "js-base64" "^2.1.9"
      "source-map" "^0.5.6"
      "supports-color" "^3.2.3"
  
  "postcss@^5.0.13":
    "version" "5.2.18"
    dependencies:
      "chalk" "^1.1.3"
      "js-base64" "^2.1.9"
      "source-map" "^0.5.6"
      "supports-color" "^3.2.3"
  
  "postcss@^5.0.14", "postcss@^5.2.16":
    "version" "5.2.18"
    dependencies:
      "chalk" "^1.1.3"
      "js-base64" "^2.1.9"
      "source-map" "^0.5.6"
      "supports-color" "^3.2.3"
  
  "postcss@^5.0.16":
    "version" "5.2.18"
    dependencies:
      "chalk" "^1.1.3"
      "js-base64" "^2.1.9"
      "source-map" "^0.5.6"
      "supports-color" "^3.2.3"
  
  "postcss@^5.0.2":
    "version" "5.2.18"
    dependencies:
      "chalk" "^1.1.3"
      "js-base64" "^2.1.9"
      "source-map" "^0.5.6"
      "supports-color" "^3.2.3"
  
  "postcss@^5.0.4":
    "version" "5.2.18"
    dependencies:
      "chalk" "^1.1.3"
      "js-base64" "^2.1.9"
      "source-map" "^0.5.6"
      "supports-color" "^3.2.3"
  
  "postcss@^5.0.5":
    "version" "5.2.18"
    dependencies:
      "chalk" "^1.1.3"
      "js-base64" "^2.1.9"
      "source-map" "^0.5.6"
      "supports-color" "^3.2.3"
  
  "postcss@^5.0.8":
    "version" "5.2.18"
    dependencies:
      "chalk" "^1.1.3"
      "js-base64" "^2.1.9"
      "source-map" "^0.5.6"
      "supports-color" "^3.2.3"
  
  "postcss@^7.0.17":
    "version" "7.0.35"
    dependencies:
      "chalk" "^2.4.2"
      "source-map" "^0.6.1"
      "supports-color" "^6.1.0"
  
  "postcss@^7.0.32":
    "version" "7.0.35"
    dependencies:
      "chalk" "^2.4.2"
      "source-map" "^0.6.1"
      "supports-color" "^6.1.0"
  
  "postcss@^8.0.0", "postcss@^8.2.1":
    "version" "8.2.1"
    dependencies:
      "colorette" "^1.2.1"
      "nanoid" "^3.1.20"
      "source-map" "^0.6.1"
  
  "prepend-http@^1.0.0":
    "version" "1.0.4"
  
  "pretty-hrtime@^1.0.0":
    "version" "1.0.3"
  
  "process-nextick-args@^2.0.0", "process-nextick-args@~2.0.0":
    "version" "2.0.1"
  
  "pump@^2.0.0":
    "version" "2.0.1"
    dependencies:
      "end-of-stream" "^1.1.0"
      "once" "^1.3.1"
  
  "pumpify@^1.3.5":
    "version" "1.5.1"
    dependencies:
      "duplexify" "^3.6.0"
      "inherits" "^2.0.3"
      "pump" "^2.0.0"
  
  "q@^1.1.2":
    "version" "1.5.1"
  
  "qs@6.2.3":
    "version" "6.2.3"
  
  "query-string@^4.1.0":
    "version" "4.3.4"
    dependencies:
      "object-assign" "^4.1.0"
      "strict-uri-encode" "^1.0.0"
  
  "range-parser@~1.2.0":
    "version" "1.2.1"
  
  "raw-body@^2.3.2":
    "version" "2.4.1"
    dependencies:
      "bytes" "3.1.0"
      "http-errors" "1.7.3"
      "iconv-lite" "0.4.24"
      "unpipe" "1.0.0"
  
  "read-pkg-up@^1.0.1":
    "version" "1.0.1"
    dependencies:
      "find-up" "^1.0.0"
      "read-pkg" "^1.0.0"
  
  "read-pkg@^1.0.0":
    "version" "1.1.0"
    dependencies:
      "load-json-file" "^1.0.0"
      "normalize-package-data" "^2.3.2"
      "path-type" "^1.0.0"
  
  "readable-stream@^2.0.0", "readable-stream@^2.0.1", "readable-stream@^2.0.2", "readable-stream@^2.0.5", "readable-stream@^2.1.5", "readable-stream@^2.2.2", "readable-stream@^2.3.3", "readable-stream@^2.3.5", "readable-stream@^2.3.6", "readable-stream@~2.3.6":
    "version" "2.3.7"
    dependencies:
      "core-util-is" "~1.0.0"
      "inherits" "~2.0.3"
      "isarray" "~1.0.0"
      "process-nextick-args" "~2.0.0"
      "safe-buffer" "~5.1.1"
      "string_decoder" "~1.1.1"
      "util-deprecate" "~1.0.1"
  
  "readable-stream@2 || 3":
    "version" "3.6.0"
    dependencies:
      "inherits" "^2.0.3"
      "string_decoder" "^1.1.1"
      "util-deprecate" "^1.0.1"
  
  "readable-stream@3":
    "version" "3.6.0"
    dependencies:
      "inherits" "^2.0.3"
      "string_decoder" "^1.1.1"
      "util-deprecate" "^1.0.1"
  
  "readdirp@^2.2.1":
    "integrity" "sha512-1JU/8q+VgFZyxwrJ+SVIOsh+KywWGpds3NTqikiKpDMZWScmAYyKIgqkO+ARvNWJfXeXR1zxz7aHF4u4CyH6vQ=="
    "resolved" "https://registry.npmjs.org/readdirp/-/readdirp-2.2.1.tgz"
    "version" "2.2.1"
    dependencies:
      "graceful-fs" "^4.1.11"
      "micromatch" "^3.1.10"
      "readable-stream" "^2.0.2"
  
  "readdirp@~3.5.0":
    "version" "3.5.0"
    dependencies:
      "picomatch" "^2.2.1"
  
  "rechoir@^0.6.2":
    "version" "0.6.2"
    dependencies:
      "resolve" "^1.1.6"
  
  "reduce-css-calc@^1.2.6":
    "version" "1.3.0"
    dependencies:
      "balanced-match" "^0.4.2"
      "math-expression-evaluator" "^1.2.14"
      "reduce-function-call" "^1.0.1"
  
  "reduce-function-call@^1.0.1":
    "version" "1.0.3"
    dependencies:
      "balanced-match" "^1.0.0"
  
  "regex-not@^1.0.0", "regex-not@^1.0.2":
    "version" "1.0.2"
    dependencies:
      "extend-shallow" "^3.0.2"
      "safe-regex" "^1.1.0"
  
  "relateurl@0.2.x":
    "version" "0.2.7"
  
  "remove-bom-buffer@^3.0.0":
    "version" "3.0.0"
    dependencies:
      "is-buffer" "^1.1.5"
      "is-utf8" "^0.2.1"
  
  "remove-bom-stream@^1.2.0":
    "version" "1.2.0"
    dependencies:
      "remove-bom-buffer" "^3.0.0"
      "safe-buffer" "^5.1.0"
      "through2" "^2.0.3"
  
  "remove-trailing-separator@^1.0.1", "remove-trailing-separator@^1.1.0":
    "version" "1.1.0"
  
  "repeat-element@^1.1.2":
    "version" "1.1.3"
  
  "repeat-string@^1.6.1":
    "version" "1.6.1"
  
  "replace-ext@^1.0.0":
    "version" "1.0.1"
  
  "replace-homedir@^1.0.0":
    "version" "1.0.0"
    dependencies:
      "homedir-polyfill" "^1.0.1"
      "is-absolute" "^1.0.0"
      "remove-trailing-separator" "^1.1.0"
  
  "require-directory@^2.1.1":
    "version" "2.1.1"
  
  "require-main-filename@^1.0.1":
    "version" "1.0.1"
  
  "require-main-filename@^2.0.0":
    "version" "2.0.0"
  
  "requires-port@^1.0.0":
    "version" "1.0.0"
  
  "resolve-dir@^1.0.0", "resolve-dir@^1.0.1":
    "version" "1.0.1"
    dependencies:
      "expand-tilde" "^2.0.0"
      "global-modules" "^1.0.0"
  
  "resolve-from@^3.0.0":
    "version" "3.0.0"
  
  "resolve-options@^1.1.0":
    "version" "1.1.0"
    dependencies:
      "value-or-function" "^3.0.0"
  
  "resolve-url@^0.2.1":
    "version" "0.2.1"
  
  "resolve@^1.1.6", "resolve@^1.1.7", "resolve@^1.10.0", "resolve@^1.4.0":
    "version" "1.19.0"
    dependencies:
      "is-core-module" "^2.1.0"
      "path-parse" "^1.0.6"
  
  "resp-modifier@6.0.2":
    "version" "6.0.2"
    dependencies:
      "debug" "^2.2.0"
      "minimatch" "^3.0.2"
  
  "ret@~0.1.10":
    "version" "0.1.15"
  
  "rx@4.1.0":
    "version" "4.1.0"
  
  "rxjs@^5.5.6":
    "version" "5.5.12"
    dependencies:
      "symbol-observable" "1.0.1"
  
  "safe-buffer@^5.1.0":
    "version" "5.2.1"
  
  "safe-buffer@~5.1.0", "safe-buffer@~5.1.1":
    "version" "5.1.2"
  
  "safe-buffer@~5.2.0":
    "version" "5.2.1"
  
  "safe-regex@^1.1.0":
    "version" "1.1.0"
    dependencies:
      "ret" "~0.1.10"
  
  "safer-buffer@>= 2.1.2 < 3":
    "version" "2.1.2"
  
  "sax@~1.2.1":
    "version" "1.2.4"
  
  "semver-greatest-satisfied-range@^1.1.0":
    "version" "1.1.0"
    dependencies:
      "sver-compat" "^1.5.0"
  
  "semver@2 || 3 || 4 || 5":
    "version" "5.7.1"
  
  "send@0.16.2":
    "version" "0.16.2"
    dependencies:
      "debug" "2.6.9"
      "depd" "~1.1.2"
      "destroy" "~1.0.4"
      "encodeurl" "~1.0.2"
      "escape-html" "~1.0.3"
      "etag" "~1.8.1"
      "fresh" "0.5.2"
      "http-errors" "~1.6.2"
      "mime" "1.4.1"
      "ms" "2.0.0"
      "on-finished" "~2.3.0"
      "range-parser" "~1.2.0"
      "statuses" "~1.4.0"
  
  "serve-index@1.9.1":
    "version" "1.9.1"
    dependencies:
      "accepts" "~1.3.4"
      "batch" "0.6.1"
      "debug" "2.6.9"
      "escape-html" "~1.0.3"
      "http-errors" "~1.6.2"
      "mime-types" "~2.1.17"
      "parseurl" "~1.3.2"
  
  "serve-static@1.13.2":
    "version" "1.13.2"
    dependencies:
      "encodeurl" "~1.0.2"
      "escape-html" "~1.0.3"
      "parseurl" "~1.3.2"
      "send" "0.16.2"
  
  "server-destroy@1.0.1":
    "version" "1.0.1"
  
  "set-blocking@^2.0.0":
    "version" "2.0.0"
  
  "set-value@^2.0.0", "set-value@^2.0.1":
    "version" "2.0.1"
    dependencies:
      "extend-shallow" "^2.0.1"
      "is-extendable" "^0.1.1"
      "is-plain-object" "^2.0.3"
      "split-string" "^3.0.1"
  
  "setprototypeof@1.1.0":
    "version" "1.1.0"
  
  "setprototypeof@1.1.1":
    "version" "1.1.1"
  
  "snapdragon-node@^2.0.1":
    "version" "2.1.1"
    dependencies:
      "define-property" "^1.0.0"
      "isobject" "^3.0.0"
      "snapdragon-util" "^3.0.1"
  
  "snapdragon-util@^3.0.1":
    "version" "3.0.1"
    dependencies:
      "kind-of" "^3.2.0"
  
  "snapdragon@^0.8.1":
    "version" "0.8.2"
    dependencies:
      "base" "^0.11.1"
      "debug" "^2.2.0"
      "define-property" "^0.2.5"
      "extend-shallow" "^2.0.1"
      "map-cache" "^0.2.2"
      "source-map" "^0.5.6"
      "source-map-resolve" "^0.5.0"
      "use" "^3.1.0"
  
  "socket.io-adapter@~1.1.0":
    "version" "1.1.2"
  
  "socket.io-client@^2.0.4":
    "version" "2.3.1"
    dependencies:
      "backo2" "1.0.2"
      "component-bind" "1.0.0"
      "component-emitter" "~1.3.0"
      "debug" "~3.1.0"
      "engine.io-client" "~3.4.0"
      "has-binary2" "~1.0.2"
      "indexof" "0.0.1"
      "parseqs" "0.0.6"
      "parseuri" "0.0.6"
      "socket.io-parser" "~3.3.0"
      "to-array" "0.1.4"
  
  "socket.io-client@2.1.1":
    "version" "2.1.1"
    dependencies:
      "backo2" "1.0.2"
      "base64-arraybuffer" "0.1.5"
      "component-bind" "1.0.0"
      "component-emitter" "1.2.1"
      "debug" "~3.1.0"
      "engine.io-client" "~3.2.0"
      "has-binary2" "~1.0.2"
      "has-cors" "1.1.0"
      "indexof" "0.0.1"
      "object-component" "0.0.3"
      "parseqs" "0.0.5"
      "parseuri" "0.0.5"
      "socket.io-parser" "~3.2.0"
      "to-array" "0.1.4"
  
  "socket.io-parser@~3.2.0":
    "version" "3.2.0"
    dependencies:
      "component-emitter" "1.2.1"
      "debug" "~3.1.0"
      "isarray" "2.0.1"
  
  "socket.io-parser@~3.3.0":
    "version" "3.3.1"
    dependencies:
      "component-emitter" "~1.3.0"
      "debug" "~3.1.0"
      "isarray" "2.0.1"
  
  "socket.io@2.1.1":
    "version" "2.1.1"
    dependencies:
      "debug" "~3.1.0"
      "engine.io" "~3.2.0"
      "has-binary2" "~1.0.2"
      "socket.io-adapter" "~1.1.0"
      "socket.io-client" "2.1.1"
      "socket.io-parser" "~3.2.0"
  
  "sort-keys@^1.0.0":
    "version" "1.1.2"
    dependencies:
      "is-plain-obj" "^1.0.0"
  
  "source-map-resolve@^0.5.0":
    "version" "0.5.3"
    dependencies:
      "atob" "^2.1.2"
      "decode-uri-component" "^0.2.0"
      "resolve-url" "^0.2.1"
      "source-map-url" "^0.4.0"
      "urix" "^0.1.0"
  
  "source-map-support@~0.5.12", "source-map-support@~0.5.19":
    "version" "0.5.19"
    dependencies:
      "buffer-from" "^1.0.0"
      "source-map" "^0.6.0"
  
  "source-map-url@^0.4.0":
    "version" "0.4.0"
  
  "source-map@^0.5.1":
    "version" "0.5.7"
  
  "source-map@^0.5.3":
    "version" "0.5.7"
  
  "source-map@^0.5.6":
    "version" "0.5.7"
  
  "source-map@^0.6.0", "source-map@^0.6.1", "source-map@~0.6.0", "source-map@~0.6.1":
    "version" "0.6.1"
  
  "source-map@~0.7.2":
    "version" "0.7.3"
  
  "sparkles@^1.0.0":
    "version" "1.0.1"
  
  "spdx-correct@^3.0.0":
    "version" "3.1.1"
    dependencies:
      "spdx-expression-parse" "^3.0.0"
      "spdx-license-ids" "^3.0.0"
  
  "spdx-exceptions@^2.1.0":
    "version" "2.3.0"
  
  "spdx-expression-parse@^3.0.0":
    "version" "3.0.1"
    dependencies:
      "spdx-exceptions" "^2.1.0"
      "spdx-license-ids" "^3.0.0"
  
  "spdx-license-ids@^3.0.0":
    "version" "3.0.7"
  
  "split-string@^3.0.1", "split-string@^3.0.2":
    "version" "3.1.0"
    dependencies:
      "extend-shallow" "^3.0.0"
  
  "sprintf-js@~1.0.2":
    "version" "1.0.3"
  
  "stack-trace@0.0.10":
    "version" "0.0.10"
  
  "static-extend@^0.1.1":
    "version" "0.1.2"
    dependencies:
      "define-property" "^0.2.5"
      "object-copy" "^0.1.0"
  
  "statuses@>= 1.4.0 < 2", "statuses@>= 1.5.0 < 2":
    "version" "1.5.0"
  
  "statuses@~1.3.1":
    "version" "1.3.1"
  
  "statuses@~1.4.0":
    "version" "1.4.0"
  
  "stream-exhaust@^1.0.1":
    "version" "1.0.2"
  
  "stream-shift@^1.0.0":
    "version" "1.0.1"
  
  "stream-throttle@^0.1.3":
    "version" "0.1.3"
    dependencies:
      "commander" "^2.2.0"
      "limiter" "^1.0.5"
  
  "strict-uri-encode@^1.0.0":
    "version" "1.1.0"
  
  "string_decoder@^1.1.1":
    "version" "1.3.0"
    dependencies:
      "safe-buffer" "~5.2.0"
  
  "string_decoder@~1.1.1":
    "version" "1.1.1"
    dependencies:
      "safe-buffer" "~5.1.0"
  
  "string-width@^1.0.1", "string-width@^1.0.2":
    "version" "1.0.2"
    dependencies:
      "code-point-at" "^1.0.0"
      "is-fullwidth-code-point" "^1.0.0"
      "strip-ansi" "^3.0.0"
  
  "string-width@^3.0.0", "string-width@^3.1.0":
    "version" "3.1.0"
    dependencies:
      "emoji-regex" "^7.0.1"
      "is-fullwidth-code-point" "^2.0.0"
      "strip-ansi" "^5.1.0"
  
  "string-width@^4.1.0":
    "version" "4.2.0"
    dependencies:
      "emoji-regex" "^8.0.0"
      "is-fullwidth-code-point" "^3.0.0"
      "strip-ansi" "^6.0.0"
  
  "string-width@^4.2.0":
    "version" "4.2.0"
    dependencies:
      "emoji-regex" "^8.0.0"
      "is-fullwidth-code-point" "^3.0.0"
      "strip-ansi" "^6.0.0"
  
  "strip-ansi@^3.0.0", "strip-ansi@^3.0.1":
    "version" "3.0.1"
    dependencies:
      "ansi-regex" "^2.0.0"
  
  "strip-ansi@^5.0.0", "strip-ansi@^5.1.0", "strip-ansi@^5.2.0":
    "version" "5.2.0"
    dependencies:
      "ansi-regex" "^4.1.0"
  
  "strip-ansi@^6.0.0":
    "version" "6.0.0"
    dependencies:
      "ansi-regex" "^5.0.0"
  
  "strip-bom@^2.0.0":
    "version" "2.0.0"
    dependencies:
      "is-utf8" "^0.2.0"
  
  "sucrase@^3", "sucrase@^3.16.0":
    "version" "3.16.0"
    dependencies:
      "commander" "^4.0.0"
      "glob" "7.1.6"
      "lines-and-columns" "^1.1.6"
      "mz" "^2.7.0"
      "pirates" "^4.0.1"
      "ts-interface-checker" "^0.1.9"
  
  "supports-color@^2.0.0":
    "version" "2.0.0"
  
  "supports-color@^3.2.3":
    "version" "3.2.3"
    dependencies:
      "has-flag" "^1.0.0"
  
  "supports-color@^5.3.0":
    "version" "5.5.0"
    dependencies:
      "has-flag" "^3.0.0"
  
  "supports-color@^6.1.0":
    "version" "6.1.0"
    dependencies:
      "has-flag" "^3.0.0"
  
  "sver-compat@^1.5.0":
    "version" "1.5.0"
    dependencies:
      "es6-iterator" "^2.0.1"
      "es6-symbol" "^3.1.1"
  
  "svgo@^0.7.0":
    "version" "0.7.2"
    dependencies:
      "coa" "~1.0.1"
      "colors" "~1.1.2"
      "csso" "~2.3.1"
      "js-yaml" "~3.7.0"
      "mkdirp" "~0.5.1"
      "sax" "~1.2.1"
      "whet.extend" "~0.9.9"
  
  "symbol-observable@1.0.1":
    "version" "1.0.1"
  
  "terser@^4.0.0":
    "integrity" "sha512-EAPipTNeWsb/3wLPeup1tVPaXfIaU68xMnVdPafIL1TV05OhASArYyIfFvnvJCNrR2NIOvDVNNTFRa+Re2MWyw=="
    "resolved" "https://registry.npmjs.org/terser/-/terser-4.8.0.tgz"
    "version" "4.8.0"
    dependencies:
      "commander" "^2.20.0"
      "source-map" "~0.6.1"
      "source-map-support" "~0.5.12"
  
  "terser@5.4.0":
    "version" "5.4.0"
    dependencies:
      "commander" "^2.20.0"
      "source-map" "~0.7.2"
      "source-map-support" "~0.5.19"
  
  "tfunk@^4.0.0":
    "version" "4.0.0"
    dependencies:
      "chalk" "^1.1.3"
      "dlv" "^1.1.3"
  
  "thenify-all@^1.0.0":
    "version" "1.6.0"
    dependencies:
      "thenify" ">= 3.1.0 < 4"
  
  "thenify@>= 3.1.0 < 4":
    "version" "3.3.1"
    dependencies:
      "any-promise" "^1.0.0"
  
  "through2-filter@^3.0.0":
    "version" "3.0.0"
    dependencies:
      "through2" "~2.0.0"
      "xtend" "~4.0.0"
  
  "through2@^2.0.0", "through2@^2.0.3", "through2@~2.0.0":
    "version" "2.0.5"
    dependencies:
      "readable-stream" "~2.3.6"
      "xtend" "~4.0.1"
  
  "through2@^3.0.1":
    "version" "3.0.2"
    dependencies:
      "inherits" "^2.0.4"
      "readable-stream" "2 || 3"
  
  "through2@^4.0.2":
    "version" "4.0.2"
    dependencies:
      "readable-stream" "3"
  
  "time-stamp@^1.0.0":
    "version" "1.1.0"
  
  "to-absolute-glob@^2.0.0":
    "version" "2.0.2"
    dependencies:
      "is-absolute" "^1.0.0"
      "is-negated-glob" "^1.0.0"
  
  "to-array@0.1.4":
    "version" "0.1.4"
  
  "to-object-path@^0.3.0":
    "version" "0.3.0"
    dependencies:
      "kind-of" "^3.0.2"
  
  "to-regex-range@^2.1.0":
    "version" "2.1.1"
    dependencies:
      "is-number" "^3.0.0"
      "repeat-string" "^1.6.1"
  
  "to-regex-range@^5.0.1":
    "version" "5.0.1"
    dependencies:
      "is-number" "^7.0.0"
  
  "to-regex@^3.0.1", "to-regex@^3.0.2":
    "version" "3.0.2"
    dependencies:
      "define-property" "^2.0.2"
      "extend-shallow" "^3.0.2"
      "regex-not" "^1.0.2"
      "safe-regex" "^1.1.0"
  
  "to-through@^2.0.0":
    "version" "2.0.0"
    dependencies:
      "through2" "^2.0.3"
  
  "toidentifier@1.0.0":
    "version" "1.0.0"
  
  "ts-interface-checker@^0.1.9":
    "version" "0.1.13"
  
  "type@^1.0.1":
    "version" "1.2.0"
  
  "type@^2.0.0":
    "version" "2.1.0"
  
  "typedarray@^0.0.6":
    "version" "0.0.6"
  
  "typescript@^4.1.3":
    "version" "4.1.3"
  
  "ua-parser-js@^0.7.18":
    "version" "0.7.23"
  
  "uglify-js@3.4.x":
    "version" "3.4.10"
    dependencies:
      "commander" "~2.19.0"
      "source-map" "~0.6.1"
  
  "ultron@~1.1.0":
    "version" "1.1.1"
  
  "unc-path-regex@^0.1.2":
    "version" "0.1.2"
  
  "undertaker-registry@^1.0.0":
    "version" "1.0.1"
  
  "undertaker@^1.2.1":
    "version" "1.3.0"
    dependencies:
      "arr-flatten" "^1.0.1"
      "arr-map" "^2.0.0"
      "bach" "^1.0.0"
      "collection-map" "^1.0.0"
      "es6-weak-map" "^2.0.1"
      "fast-levenshtein" "^1.0.0"
      "last-run" "^1.1.0"
      "object.defaults" "^1.0.0"
      "object.reduce" "^1.0.0"
      "undertaker-registry" "^1.0.0"
  
  "union-value@^1.0.0":
    "version" "1.0.1"
    dependencies:
      "arr-union" "^3.1.0"
      "get-value" "^2.0.6"
      "is-extendable" "^0.1.1"
      "set-value" "^2.0.1"
  
  "uniq@^1.0.1":
    "version" "1.0.1"
  
  "uniqs@^2.0.0":
    "version" "2.0.0"
  
  "unique-stream@^2.0.2":
    "version" "2.3.1"
    dependencies:
      "json-stable-stringify-without-jsonify" "^1.0.1"
      "through2-filter" "^3.0.0"
  
  "universalify@^0.1.0":
    "version" "0.1.2"
  
  "unpipe@~1.0.0", "unpipe@1.0.0":
    "version" "1.0.0"
  
  "unset-value@^1.0.0":
    "version" "1.0.0"
    dependencies:
      "has-value" "^0.3.1"
      "isobject" "^3.0.0"
  
  "upath@^1.1.1":
    "version" "1.2.0"
  
  "upper-case@^1.1.1":
    "version" "1.1.3"
  
  "urix@^0.1.0":
    "version" "0.1.0"
  
  "use@^3.1.0":
    "version" "3.1.1"
  
  "util-deprecate@^1.0.1", "util-deprecate@~1.0.1":
    "version" "1.0.2"
  
  "utils-merge@1.0.1":
    "version" "1.0.1"
  
  "v8flags@^3.2.0":
    "version" "3.2.0"
    dependencies:
      "homedir-polyfill" "^1.0.1"
  
  "validate-npm-package-license@^3.0.1":
    "version" "3.0.4"
    dependencies:
      "spdx-correct" "^3.0.0"
      "spdx-expression-parse" "^3.0.0"
  
  "value-or-function@^3.0.0":
    "version" "3.0.0"
  
  "vendors@^1.0.0":
    "version" "1.0.4"
  
  "vinyl-fs@^3.0.0":
    "version" "3.0.3"
    dependencies:
      "fs-mkdirp-stream" "^1.0.0"
      "glob-stream" "^6.1.0"
      "graceful-fs" "^4.0.0"
      "is-valid-glob" "^1.0.0"
      "lazystream" "^1.0.0"
      "lead" "^1.0.0"
      "object.assign" "^4.0.4"
      "pumpify" "^1.3.5"
      "readable-stream" "^2.3.3"
      "remove-bom-buffer" "^3.0.0"
      "remove-bom-stream" "^1.2.0"
      "resolve-options" "^1.1.0"
      "through2" "^2.0.0"
      "to-through" "^2.0.0"
      "value-or-function" "^3.0.0"
      "vinyl" "^2.0.0"
      "vinyl-sourcemap" "^1.1.0"
  
  "vinyl-sourcemap@^1.1.0":
    "version" "1.1.0"
    dependencies:
      "append-buffer" "^1.0.2"
      "convert-source-map" "^1.5.0"
      "graceful-fs" "^4.1.6"
      "normalize-path" "^2.1.1"
      "now-and-later" "^2.0.0"
      "remove-bom-buffer" "^3.0.0"
      "vinyl" "^2.0.0"
  
  "vinyl-sourcemaps-apply@^0.2.1":
    "version" "0.2.1"
    dependencies:
      "source-map" "^0.5.1"
  
  "vinyl@^2.0.0":
    "version" "2.2.1"
    dependencies:
      "clone" "^2.1.1"
      "clone-buffer" "^1.0.0"
      "clone-stats" "^1.0.0"
      "cloneable-readable" "^1.0.0"
      "remove-trailing-separator" "^1.0.1"
      "replace-ext" "^1.0.0"
  
  "whet.extend@~0.9.9":
    "version" "0.9.9"
  
  "which-module@^1.0.0":
    "version" "1.0.0"
  
  "which-module@^2.0.0":
    "version" "2.0.0"
  
  "which@^1.2.14":
    "version" "1.3.1"
    dependencies:
      "isexe" "^2.0.0"
  
  "wrap-ansi@^2.0.0":
    "version" "2.1.0"
    dependencies:
      "string-width" "^1.0.1"
      "strip-ansi" "^3.0.1"
  
  "wrap-ansi@^5.1.0":
    "version" "5.1.0"
    dependencies:
      "ansi-styles" "^3.2.0"
      "string-width" "^3.0.0"
      "strip-ansi" "^5.0.0"
  
  "wrap-ansi@^6.2.0":
    "version" "6.2.0"
    dependencies:
      "ansi-styles" "^4.0.0"
      "string-width" "^4.1.0"
      "strip-ansi" "^6.0.0"
  
  "wrappy@1":
    "version" "1.0.2"
  
  "ws@~3.3.1":
    "version" "3.3.3"
    dependencies:
      "async-limiter" "~1.0.0"
      "safe-buffer" "~5.1.0"
      "ultron" "~1.1.0"
  
  "ws@~6.1.0":
    "version" "6.1.4"
    dependencies:
      "async-limiter" "~1.0.0"
  
  "xmlhttprequest-ssl@~1.5.4":
    "version" "1.5.5"
  
  "xtend@~4.0.0", "xtend@~4.0.1":
    "version" "4.0.2"
  
  "y18n@^3.2.1":
    "version" "3.2.1"
  
  "y18n@^4.0.0":
    "version" "4.0.1"
  
  "yargs-parser@^13.1.1":
    "version" "13.1.2"
    dependencies:
      "camelcase" "^5.0.0"
      "decamelize" "^1.2.0"
  
  "yargs-parser@^18.1.2":
    "version" "18.1.3"
    dependencies:
      "camelcase" "^5.0.0"
      "decamelize" "^1.2.0"
  
  "yargs-parser@5.0.0-security.0":
    "version" "5.0.0-security.0"
    dependencies:
      "camelcase" "^3.0.0"
      "object.assign" "^4.1.0"
  
  "yargs@^15.4.1":
    "version" "15.4.1"
    dependencies:
      "cliui" "^6.0.0"
      "decamelize" "^1.2.0"
      "find-up" "^4.1.0"
      "get-caller-file" "^2.0.1"
      "require-directory" "^2.1.1"
      "require-main-filename" "^2.0.0"
      "set-blocking" "^2.0.0"
      "string-width" "^4.2.0"
      "which-module" "^2.0.0"
      "y18n" "^4.0.0"
      "yargs-parser" "^18.1.2"
  
  "yargs@^7.1.0":
    "version" "7.1.1"
    dependencies:
      "camelcase" "^3.0.0"
      "cliui" "^3.2.0"
      "decamelize" "^1.1.1"
      "get-caller-file" "^1.0.1"
      "os-locale" "^1.4.0"
      "read-pkg-up" "^1.0.1"
      "require-directory" "^2.1.1"
      "require-main-filename" "^1.0.1"
      "set-blocking" "^2.0.0"
      "string-width" "^1.0.2"
      "which-module" "^1.0.0"
      "y18n" "^3.2.1"
      "yargs-parser" "5.0.0-security.0"
  
  "yargs@13.3.0":
    "version" "13.3.0"
    dependencies:
      "cliui" "^5.0.0"
      "find-up" "^3.0.0"
      "get-caller-file" "^2.0.1"
      "require-directory" "^2.1.1"
      "require-main-filename" "^2.0.0"
      "set-blocking" "^2.0.0"
      "string-width" "^3.0.0"
      "which-module" "^2.0.0"
      "y18n" "^4.0.0"
      "yargs-parser" "^13.1.1"
  
  "yeast@0.1.2":
    "version" "0.1.2"
